#
# There is insufficient memory for the Java Runtime Environment to continue.
# Native memory allocation (mmap) failed to map 123731968 bytes. Error detail: G1 virtual space
# Possible reasons:
#   The system is out of physical RAM or swap space
#   This process is running with CompressedOops enabled, and the Java Heap may be blocking the growth of the native heap
# Possible solutions:
#   Reduce memory load on the system
#   Increase physical memory or swap space
#   Check if swap backing store is full
#   Decrease Java heap size (-Xmx/-Xms)
#   Decrease number of Java threads
#   Decrease Java thread stack sizes (-Xss)
#   Set larger code cache with -XX:ReservedCodeCacheSize=
#   JVM is running with Unscaled Compressed Oops mode in which the Java heap is
#     placed in the first 4GB address space. The Java Heap base address is the
#     maximum limit for the native heap growth. Please use -XX:HeapBaseMinAddress
#     to set the Java Heap base and to place the Java Heap above 4GB virtual address.
# This output file may be truncated or incomplete.
#
#  Out of Memory Error (os_windows.cpp:3707), pid=16224, tid=15236
#
# JRE version:  (23.0.2+7) (build )
# Java VM: OpenJDK 64-Bit Server VM (23.0.2+7-58, mixed mode, sharing, tiered, compressed oops, compressed class ptrs, g1 gc, windows-amd64)
# No core dump will be written. Minidumps are not enabled by default on client versions of Windows
#

---------------  S U M M A R Y ------------

Command Line: -javaagent:C:\Program Files\JetBrains\IntelliJ IDEA 2024.3.2.2\lib\idea_rt.jar=5885:C:\Program Files\JetBrains\IntelliJ IDEA 2024.3.2.2\bin -Dfile.encoding=UTF-8 -Dsun.stdout.encoding=UTF-8 -Dsun.stderr.encoding=UTF-8 Project_2_outside_new_class.Main

Host: AMD Ryzen 5 5625U with Radeon Graphics         , 12 cores, 7G,  Windows 11 , 64 bit Build 26100 (10.0.26100.3037)
Time: Thu Feb 13 21:38:25 2025 Bangladesh Standard Time elapsed time: 1.075883 seconds (0d 0h 0m 1s)

---------------  T H R E A D  ---------------

Current thread (0x000001f6b3856710):  JavaThread "Unknown thread" [_thread_in_vm, id=15236, stack(0x00000028efd00000,0x00000028efe00000) (1024K)]

Stack: [0x00000028efd00000,0x00000028efe00000]
Native frames: (J=compiled Java code, j=interpreted, Vv=VM code, C=native code)
V  [jvm.dll+0x6e0b99]  (no source info available)
V  [jvm.dll+0x87e2b3]  (no source info available)
V  [jvm.dll+0x88073e]  (no source info available)
V  [jvm.dll+0x880e13]  (no source info available)
V  [jvm.dll+0x27b006]  (no source info available)
V  [jvm.dll+0x6dd485]  (no source info available)
V  [jvm.dll+0x6d127a]  (no source info available)
V  [jvm.dll+0x35b50a]  (no source info available)
V  [jvm.dll+0x363916]  (no source info available)
V  [jvm.dll+0x34fe7e]  (no source info available)
V  [jvm.dll+0x350118]  (no source info available)
V  [jvm.dll+0x328aec]  (no source info available)
V  [jvm.dll+0x32978e]  (no source info available)
V  [jvm.dll+0x8449a5]  (no source info available)
V  [jvm.dll+0x3b9a08]  (no source info available)
V  [jvm.dll+0x82d68c]  (no source info available)
V  [jvm.dll+0x454f2e]  (no source info available)
V  [jvm.dll+0x456db1]  (no source info available)
C  [jli.dll+0x52a3]  (no source info available)
C  [ucrtbase.dll+0x37b0]  (no source info available)
C  [KERNEL32.DLL+0x2e8d7]  (no source info available)
C  [ntdll.dll+0xbbf2c]  (no source info available)

Lock stack of current Java thread (top to bottom):


---------------  P R O C E S S  ---------------

Threads class SMR info:
_java_thread_list=0x00007ffc82784618, length=0, elements={
}

Java Threads: ( => current thread )
Total: 0

Other Threads:
  0x000001f6b38aa050 WorkerThread "GC Thread#0"                     [id=8888, stack(0x00000028efe00000,0x00000028eff00000) (1024K)]
  0x000001f6b38d7420 ConcurrentGCThread "G1 Main Marker"            [id=13888, stack(0x00000028eff00000,0x00000028f0000000) (1024K)]
  0x000001f6b38d7f30 WorkerThread "G1 Conc#0"                       [id=15888, stack(0x00000028f0000000,0x00000028f0100000) (1024K)]

[error occurred during error reporting (printing all threads), id 0xc0000005, EXCEPTION_ACCESS_VIOLATION (0xc0000005) at pc=0x00007ffc81ecc0da]
VM state: not at safepoint (not fully initialized)

VM Mutex/Monitor currently owned by a thread:  ([mutex/lock_event])
[0x00007ffc82804988] Heap_lock - owner thread: 0x000001f6b3856710

Heap address: 0x000000008a600000, size: 1882 MB, Compressed Oops mode: 32-bit

CDS archive(s) mapped at: [0x0000000000000000-0x0000000000000000-0x0000000000000000), size 0, SharedBaseAddress: 0x0000000800000000, ArchiveRelocationMode: 1.
Narrow klass base: 0x0000000000000000, Narrow klass shift: 0, Narrow klass range: 0x0

GC Precious Log:
 CardTable entry size: 512
 Card Set container configuration: InlinePtr #cards 5 size 8 Array Of Cards #cards 10 size 36 Howl #buckets 4 coarsen threshold 1843 Howl Bitmap #cards 512 size 80 coarsen threshold 460 Card regions per heap region 1 cards per card region 2048

Heap:
 garbage-first heap   total reserved 1927168K, committed 0K, used 0K [0x000000008a600000, 0x0000000100000000)
  region size 1024K, 0 young (0K), 0 survivors (0K)

[error occurred during error reporting (printing heap information), id 0xc0000005, EXCEPTION_ACCESS_VIOLATION (0xc0000005) at pc=0x00007ffc822cc6a9]
GC Heap History (0 events):
No events

Dll operation events (1 events):
Event: 0.010 Loaded shared library C:\Users\USER OS\.jdks\openjdk-23.0.2\bin\java.dll

Deoptimization events (0 events):
No events

Classes loaded (0 events):
No events

Classes unloaded (0 events):
No events

Classes redefined (0 events):
No events

Internal exceptions (0 events):
No events

VM Operations (0 events):
No events

Memory protections (0 events):
No events

Nmethod flushes (0 events):
No events

Events (0 events):
No events


Dynamic libraries:
0x00007ff77efa0000 - 0x00007ff77efae000 	C:\Users\USER OS\.jdks\openjdk-23.0.2\bin\java.exe
0x00007ffd02a20000 - 0x00007ffd02c83000 	C:\WINDOWS\SYSTEM32\ntdll.dll
0x00007ffd01dd0000 - 0x00007ffd01e97000 	C:\WINDOWS\System32\KERNEL32.DLL
0x00007ffcfffb0000 - 0x00007ffd00377000 	C:\WINDOWS\System32\KERNELBASE.dll
0x00007ffd00380000 - 0x00007ffd004cc000 	C:\WINDOWS\System32\ucrtbase.dll
0x00007ffce2d70000 - 0x00007ffce2d87000 	C:\Users\USER OS\.jdks\openjdk-23.0.2\bin\jli.dll
0x00007ffce9310000 - 0x00007ffce932b000 	C:\Users\USER OS\.jdks\openjdk-23.0.2\bin\VCRUNTIME140.dll
0x00007ffd02480000 - 0x00007ffd02649000 	C:\WINDOWS\System32\USER32.dll
0x00007ffce5cb0000 - 0x00007ffce5f40000 	C:\WINDOWS\WinSxS\amd64_microsoft.windows.common-controls_6595b64144ccf1df_6.0.26100.3037_none_3e09262ce333c378\COMCTL32.dll
0x00007ffd00830000 - 0x00007ffd00857000 	C:\WINDOWS\System32\win32u.dll
0x00007ffd022e0000 - 0x00007ffd02389000 	C:\WINDOWS\System32\msvcrt.dll
0x00007ffd01f00000 - 0x00007ffd01f2a000 	C:\WINDOWS\System32\GDI32.dll
0x00007ffcffdc0000 - 0x00007ffcffeeb000 	C:\WINDOWS\System32\gdi32full.dll
0x00007ffd00560000 - 0x00007ffd00603000 	C:\WINDOWS\System32\msvcp_win.dll
0x00007ffd021c0000 - 0x00007ffd021ef000 	C:\WINDOWS\System32\IMM32.DLL
0x00007ffcec560000 - 0x00007ffcec56c000 	C:\Users\USER OS\.jdks\openjdk-23.0.2\bin\vcruntime140_1.dll
0x00007ffcd20a0000 - 0x00007ffcd212e000 	C:\Users\USER OS\.jdks\openjdk-23.0.2\bin\msvcp140.dll
0x00007ffc81b90000 - 0x00007ffc828e0000 	C:\Users\USER OS\.jdks\openjdk-23.0.2\bin\server\jvm.dll
0x00007ffd02100000 - 0x00007ffd021b4000 	C:\WINDOWS\System32\ADVAPI32.dll
0x00007ffd018a0000 - 0x00007ffd01946000 	C:\WINDOWS\System32\sechost.dll
0x00007ffd00d70000 - 0x00007ffd00e86000 	C:\WINDOWS\System32\RPCRT4.dll
0x00007ffd01680000 - 0x00007ffd016f4000 	C:\WINDOWS\System32\WS2_32.dll
0x00007ffcffa90000 - 0x00007ffcffade000 	C:\WINDOWS\SYSTEM32\POWRPROF.dll
0x00007ffcf8bf0000 - 0x00007ffcf8c26000 	C:\WINDOWS\SYSTEM32\WINMM.dll
0x00007ffcf8c30000 - 0x00007ffcf8c3b000 	C:\WINDOWS\SYSTEM32\VERSION.dll
0x00007ffcff9a0000 - 0x00007ffcff9b4000 	C:\WINDOWS\SYSTEM32\UMPDC.dll
0x00007ffcfebf0000 - 0x00007ffcfec0a000 	C:\WINDOWS\SYSTEM32\kernel.appcore.dll
0x00007ffce9390000 - 0x00007ffce939a000 	C:\Users\USER OS\.jdks\openjdk-23.0.2\bin\jimage.dll
0x00007ffcee630000 - 0x00007ffcee871000 	C:\WINDOWS\SYSTEM32\DBGHELP.DLL
0x00007ffd02650000 - 0x00007ffd029ce000 	C:\WINDOWS\System32\combase.dll
0x00007ffd01b10000 - 0x00007ffd01be6000 	C:\WINDOWS\System32\OLEAUT32.dll
0x00007ffce6240000 - 0x00007ffce6279000 	C:\WINDOWS\SYSTEM32\dbgcore.DLL
0x00007ffd00610000 - 0x00007ffd006a9000 	C:\WINDOWS\System32\bcryptPrimitives.dll
0x00007ffce92b0000 - 0x00007ffce92bf000 	C:\Users\USER OS\.jdks\openjdk-23.0.2\bin\instrument.dll
0x00007ffcd8c00000 - 0x00007ffcd8c1e000 	C:\Users\USER OS\.jdks\openjdk-23.0.2\bin\java.dll
0x00007ffd01700000 - 0x00007ffd01895000 	C:\WINDOWS\System32\ole32.dll
0x00007ffd00f30000 - 0x00007ffd01634000 	C:\WINDOWS\System32\SHELL32.dll

dbghelp: loaded successfully - version: 4.0.5 - missing functions: none
symbol engine: initialized successfully - sym options: 0x614 - pdb path: .;C:\Users\USER OS\.jdks\openjdk-23.0.2\bin;C:\WINDOWS\SYSTEM32;C:\WINDOWS\WinSxS\amd64_microsoft.windows.common-controls_6595b64144ccf1df_6.0.26100.3037_none_3e09262ce333c378;C:\Users\USER OS\.jdks\openjdk-23.0.2\bin\server

VM Arguments:
jvm_args: -javaagent:C:\Program Files\JetBrains\IntelliJ IDEA 2024.3.2.2\lib\idea_rt.jar=5885:C:\Program Files\JetBrains\IntelliJ IDEA 2024.3.2.2\bin -Dfile.encoding=UTF-8 -Dsun.stdout.encoding=UTF-8 -Dsun.stderr.encoding=UTF-8 
java_command: Project_2_outside_new_class.Main
java_class_path (initial): E:\UIU\4th Semester\Object Oriented Programming\4. Practice Problem & Solution\7. ArrayList\ArrayList type\out\production\New folder
Launcher Type: SUN_STANDARD

[Global flags]
     intx CICompilerCount                          = 4                                         {product} {ergonomic}
     uint ConcGCThreads                            = 3                                         {product} {ergonomic}
     uint G1ConcRefinementThreads                  = 10                                        {product} {ergonomic}
   size_t G1HeapRegionSize                         = 1048576                                   {product} {ergonomic}
   size_t InitialHeapSize                          = 123731968                                 {product} {ergonomic}
   size_t MarkStackSize                            = 4194304                                   {product} {ergonomic}
   size_t MarkStackSizeMax                         = 536870912                                 {product} {ergonomic}
   size_t MaxHeapSize                              = 1973420032                                {product} {ergonomic}
   size_t MinHeapDeltaBytes                        = 1048576                                   {product} {ergonomic}
   size_t MinHeapSize                              = 8388608                                   {product} {ergonomic}
    uintx NonNMethodCodeHeapSize                   = 5832704                                {pd product} {ergonomic}
    uintx NonProfiledCodeHeapSize                  = 122945536                              {pd product} {ergonomic}
    uintx ProfiledCodeHeapSize                     = 122880000                              {pd product} {ergonomic}
    uintx ReservedCodeCacheSize                    = 251658240                              {pd product} {ergonomic}
     bool SegmentedCodeCache                       = true                                      {product} {ergonomic}
   size_t SoftMaxHeapSize                          = 1973420032                             {manageable} {ergonomic}
     bool UseCompressedOops                        = true                           {product lp64_product} {ergonomic}
     bool UseG1GC                                  = true                                      {product} {ergonomic}
     bool UseLargePagesIndividualAllocation        = false                                  {pd product} {ergonomic}

Logging:
Log output configuration:
 #0: stdout all=warning uptime,level,tags foldmultilines=false
 #1: stderr all=off uptime,level,tags foldmultilines=false

Environment Variables:
JAVA_HOME=C:\Program Files\Java\jdk-23
PATH=C:\Program Files\Common Files\Oracle\Java\javapath;C:\Program Files (x86)\Common Files\Oracle\Java\java8path;C:\Program Files (x86)\Common Files\Oracle\Java\javapath;C:\WINDOWS\system32;C:\WINDOWS;C:\WINDOWS\System32\Wbem;C:\WINDOWS\System32\WindowsPowerShell\v1.0\;C:\WINDOWS\System32\OpenSSH\;C:\Program Files\Git\cmd;C:\Program Files\Java\jdk-23\bin;C:\Program Files\dotnet\;C:\Users\USER OS\AppData\Local\Programs\Python\Python312\Scripts\;C:\Users\USER OS\AppData\Local\Programs\Python\Python312\;C:\MinGW\bin;;C:\Users\USER OS\AppData\Local\Programs\Microsoft VS Code\bin;C:\Program Files\JetBrains\IntelliJ IDEA Community Edition 2024.2.4\bin;;C:\Users\USER OS\AppData\Local\Microsoft\WindowsApps;C:\Program Files\JetBrains\IntelliJ IDEA 2024.3.2.2\bin;
USERNAME=USER OS
OS=Windows_NT
PROCESSOR_IDENTIFIER=AMD64 Family 25 Model 80 Stepping 0, AuthenticAMD
TMP=C:\Users\USEROS~1\AppData\Local\Temp
TEMP=C:\Users\USEROS~1\AppData\Local\Temp




Periodic native trim disabled

---------------  S Y S T E M  ---------------

OS:
 Windows 11 , 64 bit Build 26100 (10.0.26100.3037)
OS uptime: 0 days 8:08 hours
Hyper-V role detected

CPU: total 12 (initial active 12) (12 cores per cpu, 2 threads per core) family 25 model 80 stepping 0 microcode 0xa50000f, cx8, cmov, fxsr, ht, mmx, 3dnowpref, sse, sse2, sse3, ssse3, sse4a, sse4.1, sse4.2, popcnt, lzcnt, tsc, tscinvbit, avx, avx2, aes, erms, clmul, bmi1, bmi2, adx, sha, fma, vzeroupper, clflush, clflushopt, hv, rdtscp, rdpid, fsrm, f16c, cet_ss
Processor Information for processor 0
  Max Mhz: 2301, Current Mhz: 2010, Mhz Limit: 2301
Processor Information for processor 1
  Max Mhz: 2301, Current Mhz: 2301, Mhz Limit: 2301
Processor Information for processor 2
  Max Mhz: 2301, Current Mhz: 2301, Mhz Limit: 2301
Processor Information for processor 3
  Max Mhz: 2301, Current Mhz: 2010, Mhz Limit: 2301
Processor Information for processor 4
  Max Mhz: 2301, Current Mhz: 2010, Mhz Limit: 2301
Processor Information for processor 5
  Max Mhz: 2301, Current Mhz: 2301, Mhz Limit: 2301
Processor Information for processor 6
  Max Mhz: 2301, Current Mhz: 2301, Mhz Limit: 2301
Processor Information for processor 7
  Max Mhz: 2301, Current Mhz: 2010, Mhz Limit: 2301
Processor Information for processor 8
  Max Mhz: 2301, Current Mhz: 2010, Mhz Limit: 2301
Processor Information for processor 9
  Max Mhz: 2301, Current Mhz: 2010, Mhz Limit: 2301
Processor Information for processor 10
  Max Mhz: 2301, Current Mhz: 2301, Mhz Limit: 2301
Processor Information for processor 11
  Max Mhz: 2301, Current Mhz: 2301, Mhz Limit: 2301

Memory: 4k page, system-wide physical 7520M (1223M free)
TotalPageFile size 11616M (AvailPageFile size 5M)
current process WorkingSet (physical memory assigned to process): 13M, peak: 13M
current process commit charge ("private bytes"): 65M, peak: 182M

vm_info: OpenJDK 64-Bit Server VM (23.0.2+7-58) for windows-amd64 JRE (23.0.2+7-58), built on 2024-11-29T09:34:55Z with MS VC++ 17.6 (VS2022)

END.
