#
# There is insufficient memory for the Java Runtime Environment to continue.
# Native memory allocation (malloc) failed to allocate 2305440 bytes. Error detail: Chunk::new
# Possible reasons:
#   The system is out of physical RAM or swap space
#   This process is running with CompressedOops enabled, and the Java Heap may be blocking the growth of the native heap
# Possible solutions:
#   Reduce memory load on the system
#   Increase physical memory or swap space
#   Check if swap backing store is full
#   Decrease Java heap size (-Xmx/-Xms)
#   Decrease number of Java threads
#   Decrease Java thread stack sizes (-Xss)
#   Set larger code cache with -XX:ReservedCodeCacheSize=
#   JVM is running with Unscaled Compressed Oops mode in which the Java heap is
#     placed in the first 4GB address space. The Java Heap base address is the
#     maximum limit for the native heap growth. Please use -XX:HeapBaseMinAddress
#     to set the Java Heap base and to place the Java Heap above 4GB virtual address.
# This output file may be truncated or incomplete.
#
#  Out of Memory Error (arena.cpp:168), pid=18176, tid=3604
#
# JRE version: OpenJDK Runtime Environment Temurin-21.0.6+7 (21.0.6+7) (build 21.0.6+7-LTS)
# Java VM: OpenJDK 64-Bit Server VM Temurin-21.0.6+7 (21.0.6+7-LTS, mixed mode, sharing, tiered, compressed oops, compressed class ptrs, parallel gc, windows-amd64)
# No core dump will be written. Minidumps are not enabled by default on client versions of Windows
#

---------------  S U M M A R Y ------------

Command Line: --add-modules=ALL-SYSTEM --add-opens=java.base/java.util=ALL-UNNAMED --add-opens=java.base/java.lang=ALL-UNNAMED --add-opens=java.base/sun.nio.fs=ALL-UNNAMED -Declipse.application=org.eclipse.jdt.ls.core.id1 -Dosgi.bundles.defaultStartLevel=4 -Declipse.product=org.eclipse.jdt.ls.core.product -Djava.import.generatesMetadataFilesAtProjectRoot=false -DDetectVMInstallationsJob.disabled=true -Dfile.encoding=utf8 -XX:+UseParallelGC -XX:GCTimeRatio=4 -XX:AdaptiveSizePolicyWeight=90 -Dsun.zip.disableMemoryMapping=true -Xmx1G -Xms100m -Xlog:disable -javaagent:c:\Users\USER OS\.vscode\extensions\redhat.java-1.41.2025030508-win32-x64\lombok\lombok-1.18.36.jar c:\Users\USER OS\.vscode\extensions\redhat.java-1.41.2025030508-win32-x64\server\plugins\org.eclipse.equinox.launcher_1.6.1000.v20250227-1734.jar -configuration c:\Users\USER OS\AppData\Roaming\Code\User\globalStorage\redhat.java\1.41.2025030508\config_ss_win -data c:\Users\USER OS\AppData\Roaming\Code\User\workspaceStorage\ae233ce265d2c8e79b7c89f558c1173d\redhat.java\ss_ws --pipe=\\.\pipe\lsp-77a8a36bdeb17604217cf5cc43b3e80e-sock

Host: AMD Ryzen 5 5625U with Radeon Graphics         , 12 cores, 7G,  Windows 11 , 64 bit Build 26100 (10.0.26100.3323)
Time: Tue Mar 11 02:16:31 2025 Bangladesh Standard Time elapsed time: 4.754550 seconds (0d 0h 0m 4s)

---------------  T H R E A D  ---------------

Current thread (0x000001686f2f9ed0):  JavaThread "C2 CompilerThread2" daemon [_thread_in_native, id=3604, stack(0x0000005d1da00000,0x0000005d1db00000) (1024K)]


Current CompileTask:
C2:4754 3211       4       org.lombokweb.asm.ClassReader::readMethod (1070 bytes)

Stack: [0x0000005d1da00000,0x0000005d1db00000]
Native frames: (J=compiled Java code, j=interpreted, Vv=VM code, C=native code)
V  [jvm.dll+0x6cdee9]
V  [jvm.dll+0x8a83d1]
V  [jvm.dll+0x8aa8fe]
V  [jvm.dll+0x8aafe3]
V  [jvm.dll+0x27f706]
V  [jvm.dll+0xc500d]
V  [jvm.dll+0xc5543]
V  [jvm.dll+0x3b678c]
V  [jvm.dll+0x1e0009]
V  [jvm.dll+0x247b42]
V  [jvm.dll+0x246fcf]
V  [jvm.dll+0x1c75ee]
V  [jvm.dll+0x25685a]
V  [jvm.dll+0x254dfa]
V  [jvm.dll+0x3f0256]
V  [jvm.dll+0x851f8b]
V  [jvm.dll+0x6cc5ed]
C  [ucrtbase.dll+0x37b0]
C  [KERNEL32.DLL+0x2e8d7]
C  [ntdll.dll+0xbbf6c]


---------------  P R O C E S S  ---------------

Threads class SMR info:
_java_thread_list=0x0000016875772900, length=35, elements={
0x00000168162c7610, 0x00000168187eefd0, 0x00000168187f0350, 0x00000168187f3f70,
0x00000168187f4af0, 0x00000168187f6460, 0x00000168187fd860, 0x000001681880aab0,
0x000001681880e470, 0x000001686f109c00, 0x000001686f2f9830, 0x000001686f2f9ed0,
0x000001686f374ce0, 0x00000168747d11b0, 0x00000168747d1810, 0x00000168747d1e70,
0x0000016874234660, 0x0000016874a160b0, 0x0000016874234f60, 0x00000168743e3c30,
0x00000168749f2cd0, 0x0000016874aac500, 0x0000016874aab7e0, 0x0000016874aacb90,
0x0000016874aabe70, 0x0000016874971910, 0x000001687496f840, 0x0000016874972630,
0x0000016874973350, 0x0000016874971280, 0x0000016874971fa0, 0x0000016874972cc0,
0x000001687496fed0, 0x00000168749739e0, 0x0000016874970bf0
}

Java Threads: ( => current thread )
  0x00000168162c7610 JavaThread "main"                              [_thread_in_vm, id=8412, stack(0x0000005d1cc00000,0x0000005d1cd00000) (1024K)]
  0x00000168187eefd0 JavaThread "Reference Handler"          daemon [_thread_blocked, id=7224, stack(0x0000005d1d000000,0x0000005d1d100000) (1024K)]
  0x00000168187f0350 JavaThread "Finalizer"                  daemon [_thread_blocked, id=7140, stack(0x0000005d1d100000,0x0000005d1d200000) (1024K)]
  0x00000168187f3f70 JavaThread "Signal Dispatcher"          daemon [_thread_blocked, id=7632, stack(0x0000005d1d200000,0x0000005d1d300000) (1024K)]
  0x00000168187f4af0 JavaThread "Attach Listener"            daemon [_thread_blocked, id=18660, stack(0x0000005d1d300000,0x0000005d1d400000) (1024K)]
  0x00000168187f6460 JavaThread "Service Thread"             daemon [_thread_blocked, id=4084, stack(0x0000005d1d400000,0x0000005d1d500000) (1024K)]
  0x00000168187fd860 JavaThread "Monitor Deflation Thread"   daemon [_thread_blocked, id=15784, stack(0x0000005d1d500000,0x0000005d1d600000) (1024K)]
  0x000001681880aab0 JavaThread "C2 CompilerThread0"         daemon [_thread_in_native, id=15260, stack(0x0000005d1d600000,0x0000005d1d700000) (1024K)]
  0x000001681880e470 JavaThread "C1 CompilerThread0"         daemon [_thread_blocked, id=17240, stack(0x0000005d1d700000,0x0000005d1d800000) (1024K)]
  0x000001686f109c00 JavaThread "Common-Cleaner"             daemon [_thread_blocked, id=15400, stack(0x0000005d1d800000,0x0000005d1d900000) (1024K)]
  0x000001686f2f9830 JavaThread "C2 CompilerThread1"         daemon [_thread_in_native, id=11288, stack(0x0000005d1d900000,0x0000005d1da00000) (1024K)]
Total: 35

Other Threads:
  0x000001682cb23d10 VMThread "VM Thread"                           [id=9244, stack(0x0000005d1cf00000,0x0000005d1d000000) (1024K)]
  0x000001682ca1ca00 WatcherThread "VM Periodic Task Thread"        [id=3020, stack(0x0000005d1ce00000,0x0000005d1cf00000) (1024K)]
  0x00000168187680b0 WorkerThread "GC Thread#0"                     [id=18604, stack(0x0000005d1cd00000,0x0000005d1ce00000) (1024K)]
  0x00000168743a2300 WorkerThread "GC Thread#1"                     [id=3580, stack(0x0000005d1dc00000,0x0000005d1dd00000) (1024K)]
  0x00000168743a1820 WorkerThread "GC Thread#2"                     [id=18484, stack(0x0000005d1dd00000,0x0000005d1de00000) (1024K)]
  0x00000168743a1bc0 WorkerThread "GC Thread#3"                     [id=11076, stack(0x0000005d1de00000,0x0000005d1df00000) (1024K)]
  0x00000168743a26a0 WorkerThread "GC Thread#4"                     [id=18264, stack(0x0000005d1df00000,0x0000005d1e000000) (1024K)]
  0x00000168743a1f60 WorkerThread "GC Thread#5"                     [id=18116, stack(0x0000005d1e000000,0x0000005d1e100000) (1024K)]
  0x00000168743a2de0 WorkerThread "GC Thread#6"                     [id=19348, stack(0x0000005d1e100000,0x0000005d1e200000) (1024K)]
  0x00000168743a1480 WorkerThread "GC Thread#7"                     [id=17740, stack(0x0000005d1eb00000,0x0000005d1ec00000) (1024K)]
  0x0000016874c7a190 WorkerThread "GC Thread#8"                     [id=3412, stack(0x0000005d1f400000,0x0000005d1f500000) (1024K)]
  0x0000016874c77270 WorkerThread "GC Thread#9"                     [id=7744, stack(0x0000005d1f700000,0x0000005d1f800000) (1024K)]

=>0x000001686f2f9ed0 (exited) JavaThread "C2 CompilerThread2" daemon [_thread_in_native, id=3604, stack(0x0000005d1da00000,0x0000005d1db00000) (1024K)]
Total: 13

Threads with active compile tasks:
C2 CompilerThread0  4773 3666       4       java.lang.Class::getPackageName (81 bytes)
C2 CompilerThread1  4773 3673   !   4       java.util.concurrent.ConcurrentHashMap::putVal (432 bytes)
C2 CompilerThread2  4773 3211       4       org.lombokweb.asm.ClassReader::readMethod (1070 bytes)
Total: 3

VM state: not at safepoint (normal execution)

VM Mutex/Monitor currently owned by a thread:  ([mutex/lock_event])
[0x00007fffb8c4e380] Threads_lock - owner thread: 0x00000168162c7610

Heap address: 0x00000000c0000000, size: 1024 MB, Compressed Oops mode: 32-bit

CDS archive(s) mapped at: [0x000001682d000000-0x000001682dba0000-0x000001682dba0000), size 12189696, SharedBaseAddress: 0x000001682d000000, ArchiveRelocationMode: 1.
Compressed class space mapped at: 0x000001682e000000-0x000001686e000000, reserved size: 1073741824
Narrow klass base: 0x000001682d000000, Narrow klass shift: 0, Narrow klass range: 0x100000000

GC Precious Log:
 CardTable entry size: 512
 CPUs: 12 total, 12 available
 Memory: 7520M
 Large Page Support: Disabled
 NUMA Support: Disabled
 Compressed Oops: Enabled (32-bit)
 Alignments: Space 512K, Generation 512K, Heap 2M
 Heap Min Capacity: 100M
 Heap Initial Capacity: 100M
 Heap Max Capacity: 1G
 Pre-touch: Disabled
 Parallel Workers: 10

Heap:
 PSYoungGen      total 26624K, used 25653K [0x00000000eab00000, 0x00000000ec980000, 0x0000000100000000)
  eden space 24576K, 96% used [0x00000000eab00000,0x00000000ec21b4b8,0x00000000ec300000)
  from space 2048K, 97% used [0x00000000ec380000,0x00000000ec5722b0,0x00000000ec580000)
  to   space 3072K, 0% used [0x00000000ec680000,0x00000000ec680000,0x00000000ec980000)
 ParOldGen       total 68608K, used 9966K [0x00000000c0000000, 0x00000000c4300000, 0x00000000eab00000)
  object space 68608K, 14% used [0x00000000c0000000,0x00000000c09bbac8,0x00000000c4300000)
 Metaspace       used 26411K, committed 27200K, reserved 1114112K
  class space    used 2495K, committed 2816K, reserved 1048576K

Card table byte_map: [0x00000168180f0000,0x0000016818300000] _byte_map_base: 0x0000016817af0000

Marking Bits: (ParMarkBitMap*) 0x00007fffb8c53260
 Begin Bits: [0x000001682a940000, 0x000001682b940000)
 End Bits:   [0x000001682b940000, 0x000001682c940000)

Polling page: 0x00000168165c0000

Metaspace:

Usage:
  Non-class:     23.36 MB used.
      Class:      2.44 MB used.
       Both:     25.79 MB used.

Virtual space:
  Non-class space:       64.00 MB reserved,      23.81 MB ( 37%) committed,  1 nodes.
      Class space:        1.00 GB reserved,       2.75 MB ( <1%) committed,  1 nodes.
             Both:        1.06 GB reserved,      26.56 MB (  2%) committed. 

Chunk freelists:
   Non-Class:  7.67 MB
       Class:  13.10 MB
        Both:  20.77 MB

MaxMetaspaceSize: unlimited
CompressedClassSpaceSize: 1.00 GB
Initial GC threshold: 21.00 MB
Current GC threshold: 35.00 MB
CDS: on
 - commit_granule_bytes: 65536.
 - commit_granule_words: 8192.
 - virtual_space_node_default_size: 8388608.
 - enlarge_chunks_in_place: 1.
 - use_allocation_guard: 0.


Internal statistics:

num_allocs_failed_limit: 3.
num_arena_births: 530.
num_arena_deaths: 14.
num_vsnodes_births: 2.
num_vsnodes_deaths: 0.
num_space_committed: 426.
num_space_uncommitted: 0.
num_chunks_returned_to_freelist: 17.
num_chunks_taken_from_freelist: 1508.
num_chunk_merges: 9.
num_chunk_splits: 998.
num_chunks_enlarged: 648.
num_inconsistent_stats: 0.

CodeHeap 'non-profiled nmethods': size=120000Kb used=1682Kb max_used=1682Kb free=118317Kb
 bounds [0x0000016823410000, 0x0000016823680000, 0x000001682a940000]
CodeHeap 'profiled nmethods': size=120000Kb used=7439Kb max_used=7439Kb free=112560Kb
 bounds [0x000001681b940000, 0x000001681c090000, 0x0000016822e70000]
CodeHeap 'non-nmethods': size=5760Kb used=1336Kb max_used=1362Kb free=4423Kb
 bounds [0x0000016822e70000, 0x00000168230e0000, 0x0000016823410000]
 total_blobs=4292 nmethods=3669 adapters=529
 compilation: enabled
              stopped_count=0, restarted_count=0
 full_count=0

Compilation events (20 events):
Event: 3.742 Thread 0x000001681880e470 3659  s!   3       org.eclipse.osgi.util.NLS$MessagesProperties::put (154 bytes)
Event: 3.742 Thread 0x000001686f2f9830 3660       4       java.util.Arrays::equals (43 bytes)
Event: 3.742 Thread 0x000001681880aab0 nmethod 3657 0x00000168235b1d90 code [0x00000168235b1f20, 0x00000168235b2000]
Event: 3.743 Thread 0x000001681880aab0 3661       4       java.lang.String::toCharArray (25 bytes)
Event: 3.743 Thread 0x000001686f2f9830 nmethod 3660 0x00000168235b2090 code [0x00000168235b2220, 0x00000168235b2310]
Event: 3.744 Thread 0x000001681880e470 nmethod 3659 0x000001681c07e890 code [0x000001681c07ece0, 0x000001681c080938]
Event: 3.744 Thread 0x000001681880aab0 nmethod 3661 0x00000168235b2410 code [0x00000168235b25a0, 0x00000168235b27d0]
Event: 3.745 Thread 0x000001681880e470 3662   !   3       org.eclipse.osgi.framework.eventmgr.ListenerQueue::dispatchEventSynchronous (81 bytes)
Event: 3.745 Thread 0x000001686f2f9830 3663       4       org.eclipse.osgi.container.Module::getCurrentRevision (8 bytes)
Event: 3.745 Thread 0x000001681880e470 nmethod 3662 0x000001681c081390 code [0x000001681c0815e0, 0x000001681c0820d0]
Event: 3.747 Thread 0x000001686f2f9830 nmethod 3663 0x00000168235b2910 code [0x00000168235b2ac0, 0x00000168235b2e68]
Event: 3.748 Thread 0x000001681880e470 3665       3       java.lang.invoke.InvokerBytecodeGenerator::<init> (80 bytes)
Event: 3.748 Thread 0x000001681880aab0 3666       4       java.lang.Class::getPackageName (81 bytes)
Event: 3.748 Thread 0x000001686f2f9830 3667       4       jdk.internal.org.objectweb.asm.Frame::push (109 bytes)
Event: 3.748 Thread 0x000001681880e470 nmethod 3665 0x000001681c082390 code [0x000001681c082560, 0x000001681c0828f8]
Event: 3.751 Thread 0x000001681880e470 3670       3       jdk.internal.org.objectweb.asm.SymbolTable::put (150 bytes)
Event: 3.751 Thread 0x000001681880e470 nmethod 3670 0x000001681c082b90 code [0x000001681c082d80, 0x000001681c083490]
Event: 3.751 Thread 0x000001686f2f9830 nmethod 3667 0x00000168235b3710 code [0x00000168235b38a0, 0x00000168235b3aa8]
Event: 3.751 Thread 0x000001686f2f9830 3668       4       java.lang.Enum::equals (11 bytes)
Event: 3.752 Thread 0x000001686f2f9830 nmethod 3668 0x00000168235b3c10 code [0x00000168235b3da0, 0x00000168235b3e30]

GC Heap History (16 events):
Event: 0.609 GC heap before
{Heap before GC invocations=1 (full 0):
 PSYoungGen      total 29696K, used 25600K [0x00000000eab00000, 0x00000000ecc00000, 0x0000000100000000)
  eden space 25600K, 100% used [0x00000000eab00000,0x00000000ec400000,0x00000000ec400000)
  from space 4096K, 0% used [0x00000000ec800000,0x00000000ec800000,0x00000000ecc00000)
  to   space 4096K, 0% used [0x00000000ec400000,0x00000000ec400000,0x00000000ec800000)
 ParOldGen       total 68608K, used 0K [0x00000000c0000000, 0x00000000c4300000, 0x00000000eab00000)
  object space 68608K, 0% used [0x00000000c0000000,0x00000000c0000000,0x00000000c4300000)
 Metaspace       used 4316K, committed 4480K, reserved 1114112K
  class space    used 432K, committed 512K, reserved 1048576K
}
Event: 0.614 GC heap after
{Heap after GC invocations=1 (full 0):
 PSYoungGen      total 29696K, used 3134K [0x00000000eab00000, 0x00000000ecc00000, 0x0000000100000000)
  eden space 25600K, 0% used [0x00000000eab00000,0x00000000eab00000,0x00000000ec400000)
  from space 4096K, 76% used [0x00000000ec400000,0x00000000ec70fab0,0x00000000ec800000)
  to   space 4096K, 0% used [0x00000000ec800000,0x00000000ec800000,0x00000000ecc00000)
 ParOldGen       total 68608K, used 16K [0x00000000c0000000, 0x00000000c4300000, 0x00000000eab00000)
  object space 68608K, 0% used [0x00000000c0000000,0x00000000c0004000,0x00000000c4300000)
 Metaspace       used 4316K, committed 4480K, reserved 1114112K
  class space    used 432K, committed 512K, reserved 1048576K
}
Event: 0.969 GC heap before
{Heap before GC invocations=2 (full 0):
 PSYoungGen      total 29696K, used 28734K [0x00000000eab00000, 0x00000000ecc00000, 0x0000000100000000)
  eden space 25600K, 100% used [0x00000000eab00000,0x00000000ec400000,0x00000000ec400000)
  from space 4096K, 76% used [0x00000000ec400000,0x00000000ec70fab0,0x00000000ec800000)
  to   space 4096K, 0% used [0x00000000ec800000,0x00000000ec800000,0x00000000ecc00000)
 ParOldGen       total 68608K, used 16K [0x00000000c0000000, 0x00000000c4300000, 0x00000000eab00000)
  object space 68608K, 0% used [0x00000000c0000000,0x00000000c0004000,0x00000000c4300000)
 Metaspace       used 7839K, committed 8128K, reserved 1114112K
  class space    used 778K, committed 896K, reserved 1048576K
}
Event: 0.975 GC heap after
{Heap after GC invocations=2 (full 0):
 PSYoungGen      total 29696K, used 4074K [0x00000000eab00000, 0x00000000ecc00000, 0x0000000100000000)
  eden space 25600K, 0% used [0x00000000eab00000,0x00000000eab00000,0x00000000ec400000)
  from space 4096K, 99% used [0x00000000ec800000,0x00000000ecbfaae0,0x00000000ecc00000)
  to   space 4096K, 0% used [0x00000000ec400000,0x00000000ec400000,0x00000000ec800000)
 ParOldGen       total 68608K, used 697K [0x00000000c0000000, 0x00000000c4300000, 0x00000000eab00000)
  object space 68608K, 1% used [0x00000000c0000000,0x00000000c00ae6d8,0x00000000c4300000)
 Metaspace       used 7839K, committed 8128K, reserved 1114112K
  class space    used 778K, committed 896K, reserved 1048576K
}
Event: 1.267 GC heap before
{Heap before GC invocations=3 (full 0):
 PSYoungGen      total 29696K, used 29674K [0x00000000eab00000, 0x00000000ecc00000, 0x0000000100000000)
  eden space 25600K, 100% used [0x00000000eab00000,0x00000000ec400000,0x00000000ec400000)
  from space 4096K, 99% used [0x00000000ec800000,0x00000000ecbfaae0,0x00000000ecc00000)
  to   space 4096K, 0% used [0x00000000ec400000,0x00000000ec400000,0x00000000ec800000)
 ParOldGen       total 68608K, used 697K [0x00000000c0000000, 0x00000000c4300000, 0x00000000eab00000)
  object space 68608K, 1% used [0x00000000c0000000,0x00000000c00ae6d8,0x00000000c4300000)
 Metaspace       used 9249K, committed 9600K, reserved 1114112K
  class space    used 925K, committed 1088K, reserved 1048576K
}
Event: 1.271 GC heap after
{Heap after GC invocations=3 (full 0):
 PSYoungGen      total 29696K, used 4076K [0x00000000eab00000, 0x00000000ecc00000, 0x0000000100000000)
  eden space 25600K, 0% used [0x00000000eab00000,0x00000000eab00000,0x00000000ec400000)
  from space 4096K, 99% used [0x00000000ec400000,0x00000000ec7fb3b0,0x00000000ec800000)
  to   space 4096K, 0% used [0x00000000ec800000,0x00000000ec800000,0x00000000ecc00000)
 ParOldGen       total 68608K, used 3092K [0x00000000c0000000, 0x00000000c4300000, 0x00000000eab00000)
  object space 68608K, 4% used [0x00000000c0000000,0x00000000c0305288,0x00000000c4300000)
 Metaspace       used 9249K, committed 9600K, reserved 1114112K
  class space    used 925K, committed 1088K, reserved 1048576K
}
Event: 1.603 GC heap before
{Heap before GC invocations=4 (full 0):
 PSYoungGen      total 29696K, used 29676K [0x00000000eab00000, 0x00000000ecc00000, 0x0000000100000000)
  eden space 25600K, 100% used [0x00000000eab00000,0x00000000ec400000,0x00000000ec400000)
  from space 4096K, 99% used [0x00000000ec400000,0x00000000ec7fb3b0,0x00000000ec800000)
  to   space 4096K, 0% used [0x00000000ec800000,0x00000000ec800000,0x00000000ecc00000)
 ParOldGen       total 68608K, used 3092K [0x00000000c0000000, 0x00000000c4300000, 0x00000000eab00000)
  object space 68608K, 4% used [0x00000000c0000000,0x00000000c0305288,0x00000000c4300000)
 Metaspace       used 13575K, committed 14080K, reserved 1114112K
  class space    used 1348K, committed 1536K, reserved 1048576K
}
Event: 1.607 GC heap after
{Heap after GC invocations=4 (full 0):
 PSYoungGen      total 29696K, used 4067K [0x00000000eab00000, 0x00000000ecc00000, 0x0000000100000000)
  eden space 25600K, 0% used [0x00000000eab00000,0x00000000eab00000,0x00000000ec400000)
  from space 4096K, 99% used [0x00000000ec800000,0x00000000ecbf8cd0,0x00000000ecc00000)
  to   space 4096K, 0% used [0x00000000ec400000,0x00000000ec400000,0x00000000ec800000)
 ParOldGen       total 68608K, used 4872K [0x00000000c0000000, 0x00000000c4300000, 0x00000000eab00000)
  object space 68608K, 7% used [0x00000000c0000000,0x00000000c04c21e0,0x00000000c4300000)
 Metaspace       used 13575K, committed 14080K, reserved 1114112K
  class space    used 1348K, committed 1536K, reserved 1048576K
}
Event: 1.963 GC heap before
{Heap before GC invocations=5 (full 0):
 PSYoungGen      total 29696K, used 29460K [0x00000000eab00000, 0x00000000ecc00000, 0x0000000100000000)
  eden space 25600K, 99% used [0x00000000eab00000,0x00000000ec3cc488,0x00000000ec400000)
  from space 4096K, 99% used [0x00000000ec800000,0x00000000ecbf8cd0,0x00000000ecc00000)
  to   space 4096K, 0% used [0x00000000ec400000,0x00000000ec400000,0x00000000ec800000)
 ParOldGen       total 68608K, used 4872K [0x00000000c0000000, 0x00000000c4300000, 0x00000000eab00000)
  object space 68608K, 7% used [0x00000000c0000000,0x00000000c04c21e0,0x00000000c4300000)
 Metaspace       used 17791K, committed 18432K, reserved 1114112K
  class space    used 1766K, committed 1984K, reserved 1048576K
}
Event: 1.965 GC heap after
{Heap after GC invocations=5 (full 0):
 PSYoungGen      total 29184K, used 4089K [0x00000000eab00000, 0x00000000ece80000, 0x0000000100000000)
  eden space 25088K, 0% used [0x00000000eab00000,0x00000000eab00000,0x00000000ec380000)
  from space 4096K, 99% used [0x00000000ec400000,0x00000000ec7fe6d0,0x00000000ec800000)
  to   space 5632K, 0% used [0x00000000ec900000,0x00000000ec900000,0x00000000ece80000)
 ParOldGen       total 68608K, used 6069K [0x00000000c0000000, 0x00000000c4300000, 0x00000000eab00000)
  object space 68608K, 8% used [0x00000000c0000000,0x00000000c05ed570,0x00000000c4300000)
 Metaspace       used 17791K, committed 18432K, reserved 1114112K
  class space    used 1766K, committed 1984K, reserved 1048576K
}
Event: 2.116 GC heap before
{Heap before GC invocations=6 (full 0):
 PSYoungGen      total 29184K, used 29016K [0x00000000eab00000, 0x00000000ece80000, 0x0000000100000000)
  eden space 25088K, 99% used [0x00000000eab00000,0x00000000ec357b10,0x00000000ec380000)
  from space 4096K, 99% used [0x00000000ec400000,0x00000000ec7fe6d0,0x00000000ec800000)
  to   space 5632K, 0% used [0x00000000ec900000,0x00000000ec900000,0x00000000ece80000)
 ParOldGen       total 68608K, used 6069K [0x00000000c0000000, 0x00000000c4300000, 0x00000000eab00000)
  object space 68608K, 8% used [0x00000000c0000000,0x00000000c05ed570,0x00000000c4300000)
 Metaspace       used 20881K, committed 21504K, reserved 1114112K
  class space    used 1973K, committed 2240K, reserved 1048576K
}
Event: 2.118 GC heap after
{Heap after GC invocations=6 (full 0):
 PSYoungGen      total 29696K, used 4386K [0x00000000eab00000, 0x00000000ecd80000, 0x0000000100000000)
  eden space 25088K, 0% used [0x00000000eab00000,0x00000000eab00000,0x00000000ec380000)
  from space 4608K, 95% used [0x00000000ec900000,0x00000000ecd48998,0x00000000ecd80000)
  to   space 5120K, 0% used [0x00000000ec380000,0x00000000ec380000,0x00000000ec880000)
 ParOldGen       total 68608K, used 6069K [0x00000000c0000000, 0x00000000c4300000, 0x00000000eab00000)
  object space 68608K, 8% used [0x00000000c0000000,0x00000000c05ed570,0x00000000c4300000)
 Metaspace       used 20881K, committed 21504K, reserved 1114112K
  class space    used 1973K, committed 2240K, reserved 1048576K
}
Event: 2.118 GC heap before
{Heap before GC invocations=7 (full 1):
 PSYoungGen      total 29696K, used 4386K [0x00000000eab00000, 0x00000000ecd80000, 0x0000000100000000)
  eden space 25088K, 0% used [0x00000000eab00000,0x00000000eab00000,0x00000000ec380000)
  from space 4608K, 95% used [0x00000000ec900000,0x00000000ecd48998,0x00000000ecd80000)
  to   space 5120K, 0% used [0x00000000ec380000,0x00000000ec380000,0x00000000ec880000)
 ParOldGen       total 68608K, used 6069K [0x00000000c0000000, 0x00000000c4300000, 0x00000000eab00000)
  object space 68608K, 8% used [0x00000000c0000000,0x00000000c05ed570,0x00000000c4300000)
 Metaspace       used 20881K, committed 21504K, reserved 1114112K
  class space    used 1973K, committed 2240K, reserved 1048576K
}
Event: 2.141 GC heap after
{Heap after GC invocations=7 (full 1):
 PSYoungGen      total 29696K, used 0K [0x00000000eab00000, 0x00000000ecd80000, 0x0000000100000000)
  eden space 25088K, 0% used [0x00000000eab00000,0x00000000eab00000,0x00000000ec380000)
  from space 4608K, 0% used [0x00000000ec900000,0x00000000ec900000,0x00000000ecd80000)
  to   space 5120K, 0% used [0x00000000ec380000,0x00000000ec380000,0x00000000ec880000)
 ParOldGen       total 68608K, used 9958K [0x00000000c0000000, 0x00000000c4300000, 0x00000000eab00000)
  object space 68608K, 14% used [0x00000000c0000000,0x00000000c09b9ac8,0x00000000c4300000)
 Metaspace       used 20869K, committed 21504K, reserved 1114112K
  class space    used 1969K, committed 2240K, reserved 1048576K
}
Event: 2.363 GC heap before
{Heap before GC invocations=8 (full 1):
 PSYoungGen      total 29696K, used 25088K [0x00000000eab00000, 0x00000000ecd80000, 0x0000000100000000)
  eden space 25088K, 100% used [0x00000000eab00000,0x00000000ec380000,0x00000000ec380000)
  from space 4608K, 0% used [0x00000000ec900000,0x00000000ec900000,0x00000000ecd80000)
  to   space 5120K, 0% used [0x00000000ec380000,0x00000000ec380000,0x00000000ec880000)
 ParOldGen       total 68608K, used 9958K [0x00000000c0000000, 0x00000000c4300000, 0x00000000eab00000)
  object space 68608K, 14% used [0x00000000c0000000,0x00000000c09b9ac8,0x00000000c4300000)
 Metaspace       used 22648K, committed 23296K, reserved 1114112K
  class space    used 2097K, committed 2368K, reserved 1048576K
}
Event: 2.365 GC heap after
{Heap after GC invocations=8 (full 1):
 PSYoungGen      total 26624K, used 1992K [0x00000000eab00000, 0x00000000ec980000, 0x0000000100000000)
  eden space 24576K, 0% used [0x00000000eab00000,0x00000000eab00000,0x00000000ec300000)
  from space 2048K, 97% used [0x00000000ec380000,0x00000000ec5722b0,0x00000000ec580000)
  to   space 3072K, 0% used [0x00000000ec680000,0x00000000ec680000,0x00000000ec980000)
 ParOldGen       total 68608K, used 9966K [0x00000000c0000000, 0x00000000c4300000, 0x00000000eab00000)
  object space 68608K, 14% used [0x00000000c0000000,0x00000000c09bbac8,0x00000000c4300000)
 Metaspace       used 22648K, committed 23296K, reserved 1114112K
  class space    used 2097K, committed 2368K, reserved 1048576K
}

Dll operation events (10 events):
Event: 0.010 Loaded shared library c:\Users\USER OS\.vscode\extensions\redhat.java-1.41.2025030508-win32-x64\jre\21.0.6-win32-x86_64\bin\java.dll
Event: 0.066 Loaded shared library c:\Users\USER OS\.vscode\extensions\redhat.java-1.41.2025030508-win32-x64\jre\21.0.6-win32-x86_64\bin\zip.dll
Event: 0.087 Loaded shared library C:\Users\USER OS\.vscode\extensions\redhat.java-1.41.2025030508-win32-x64\jre\21.0.6-win32-x86_64\bin\instrument.dll
Event: 0.093 Loaded shared library C:\Users\USER OS\.vscode\extensions\redhat.java-1.41.2025030508-win32-x64\jre\21.0.6-win32-x86_64\bin\net.dll
Event: 0.095 Loaded shared library C:\Users\USER OS\.vscode\extensions\redhat.java-1.41.2025030508-win32-x64\jre\21.0.6-win32-x86_64\bin\nio.dll
Event: 0.098 Loaded shared library C:\Users\USER OS\.vscode\extensions\redhat.java-1.41.2025030508-win32-x64\jre\21.0.6-win32-x86_64\bin\zip.dll
Event: 0.114 Loaded shared library C:\Users\USER OS\.vscode\extensions\redhat.java-1.41.2025030508-win32-x64\jre\21.0.6-win32-x86_64\bin\jimage.dll
Event: 0.180 Loaded shared library c:\Users\USER OS\.vscode\extensions\redhat.java-1.41.2025030508-win32-x64\jre\21.0.6-win32-x86_64\bin\verify.dll
Event: 1.102 Loaded shared library C:\Users\USER OS\AppData\Roaming\Code\User\globalStorage\redhat.java\1.41.2025030508\config_ss_win\org.eclipse.equinox.launcher\org.eclipse.equinox.launcher.win32.win32.x86_64_1.2.1200.v20250212-0927\eclipse_11909.dll
Event: 1.821 Loaded shared library C:\Users\USER OS\AppData\Local\Temp\jna-570820185\jna6107342970121457329.dll

Deoptimization events (20 events):
Event: 2.476 Thread 0x0000016874aac500 DEOPT PACKING pc=0x000001682347f514 sp=0x0000005d1eafd980
Event: 2.476 Thread 0x0000016874aac500 DEOPT UNPACKING pc=0x0000016822ec3aa2 sp=0x0000005d1eafd8e8 mode 2
Event: 2.491 Thread 0x0000016874aac500 Uncommon trap: trap_request=0xffffff45 fr.pc=0x0000016823590bb8 relative=0x00000000000009b8
Event: 2.491 Thread 0x0000016874aac500 Uncommon trap: reason=unstable_if action=reinterpret pc=0x0000016823590bb8 method=java.util.regex.Pattern$BmpCharPropertyGreedy.match(Ljava/util/regex/Matcher;ILjava/lang/CharSequence;)Z @ 12 c2
Event: 2.491 Thread 0x0000016874aac500 DEOPT PACKING pc=0x0000016823590bb8 sp=0x0000005d1eafd690
Event: 2.491 Thread 0x0000016874aac500 DEOPT UNPACKING pc=0x0000016822ec3aa2 sp=0x0000005d1eafd558 mode 2
Event: 3.569 Thread 0x0000016874aac500 DEOPT PACKING pc=0x000001681bed06a6 sp=0x0000005d1eafd0f0
Event: 3.569 Thread 0x0000016874aac500 DEOPT UNPACKING pc=0x0000016822ec4242 sp=0x0000005d1eafc5e8 mode 0
Event: 3.645 Thread 0x0000016874aac500 Uncommon trap: trap_request=0xffffff45 fr.pc=0x000001682343d88c relative=0x00000000000000ec
Event: 3.645 Thread 0x0000016874aac500 Uncommon trap: reason=unstable_if action=reinterpret pc=0x000001682343d88c method=java.lang.String.getBytes([BIB)V @ 5 c2
Event: 3.645 Thread 0x0000016874aac500 DEOPT PACKING pc=0x000001682343d88c sp=0x0000005d1eafdda0
Event: 3.645 Thread 0x0000016874aac500 DEOPT UNPACKING pc=0x0000016822ec3aa2 sp=0x0000005d1eafdd48 mode 2
Event: 3.664 Thread 0x0000016874aac500 Uncommon trap: trap_request=0xffffff45 fr.pc=0x00000168234a7044 relative=0x0000000000000124
Event: 3.664 Thread 0x0000016874aac500 Uncommon trap: reason=unstable_if action=reinterpret pc=0x00000168234a7044 method=jdk.internal.org.objectweb.asm.SymbolTable.put(Ljdk/internal/org/objectweb/asm/SymbolTable$Entry;)Ljdk/internal/org/objectweb/asm/SymbolTable$Entry; @ 13 c2
Event: 3.664 Thread 0x0000016874aac500 DEOPT PACKING pc=0x00000168234a7044 sp=0x0000005d1eafba40
Event: 3.664 Thread 0x0000016874aac500 DEOPT UNPACKING pc=0x0000016822ec3aa2 sp=0x0000005d1eafb9a0 mode 2
Event: 3.671 Thread 0x0000016874aac500 Uncommon trap: trap_request=0xffffff45 fr.pc=0x00000168235944e8 relative=0x0000000000000388
Event: 3.671 Thread 0x0000016874aac500 Uncommon trap: reason=unstable_if action=reinterpret pc=0x00000168235944e8 method=java.lang.Integer.parseInt(Ljava/lang/String;I)I @ 119 c2
Event: 3.671 Thread 0x0000016874aac500 DEOPT PACKING pc=0x00000168235944e8 sp=0x0000005d1eafc8f0
Event: 3.671 Thread 0x0000016874aac500 DEOPT UNPACKING pc=0x0000016822ec3aa2 sp=0x0000005d1eafc858 mode 2

Classes loaded (20 events):
Event: 3.678 Loading class java/security/spec/InvalidKeySpecException
Event: 3.678 Loading class java/security/spec/InvalidKeySpecException done
Event: 3.678 Loading class javax/crypto/NoSuchPaddingException
Event: 3.678 Loading class javax/crypto/NoSuchPaddingException done
Event: 3.679 Loading class javax/crypto/spec/PBEKeySpec
Event: 3.679 Loading class javax/crypto/spec/PBEKeySpec done
Event: 3.683 Loading class jdk/internal/reflect/MethodHandleBooleanFieldAccessorImpl
Event: 3.683 Loading class jdk/internal/reflect/MethodHandleBooleanFieldAccessorImpl done
Event: 3.727 Loading class java/util/concurrent/Executors$DefaultThreadFactory
Event: 3.729 Loading class java/util/concurrent/Executors$DefaultThreadFactory done
Event: 3.737 Loading class javax/xml/parsers/FactoryConfigurationError
Event: 3.737 Loading class javax/xml/parsers/FactoryConfigurationError done
Event: 3.746 Loading class java/lang/ProcessHandle
Event: 3.746 Loading class java/lang/ProcessHandle done
Event: 3.746 Loading class java/lang/ProcessHandleImpl
Event: 3.747 Loading class java/lang/ProcessHandleImpl done
Event: 3.749 Loading class java/lang/ProcessHandleImpl$Info
Event: 3.750 Loading class java/lang/ProcessHandle$Info
Event: 3.750 Loading class java/lang/ProcessHandle$Info done
Event: 3.750 Loading class java/lang/ProcessHandleImpl$Info done

Classes unloaded (7 events):
Event: 2.121 Thread 0x000001682cb23d10 Unloading class 0x000001682e192c00 'java/lang/invoke/LambdaForm$MH+0x000001682e192c00'
Event: 2.121 Thread 0x000001682cb23d10 Unloading class 0x000001682e192800 'java/lang/invoke/LambdaForm$MH+0x000001682e192800'
Event: 2.121 Thread 0x000001682cb23d10 Unloading class 0x000001682e192400 'java/lang/invoke/LambdaForm$MH+0x000001682e192400'
Event: 2.121 Thread 0x000001682cb23d10 Unloading class 0x000001682e192000 'java/lang/invoke/LambdaForm$MH+0x000001682e192000'
Event: 2.121 Thread 0x000001682cb23d10 Unloading class 0x000001682e191c00 'java/lang/invoke/LambdaForm$BMH+0x000001682e191c00'
Event: 2.121 Thread 0x000001682cb23d10 Unloading class 0x000001682e191800 'java/lang/invoke/LambdaForm$DMH+0x000001682e191800'
Event: 2.121 Thread 0x000001682cb23d10 Unloading class 0x000001682e190400 'java/lang/invoke/LambdaForm$DMH+0x000001682e190400'

Classes redefined (0 events):
No events

Internal exceptions (20 events):
Event: 1.896 Thread 0x00000168749739e0 Exception <a 'java/lang/NoSuchMethodError'{0x00000000eba1dc38}: 'java.lang.Object java.lang.invoke.DirectMethodHandle$Holder.invokeSpecial(java.lang.Object, java.lang.Object, int, java.lang.Object, java.lang.Object)'> (0x00000000eba1dc38) 
thrown [s\src\hotspot\share\interpreter\linkResolver.cpp, line 773]
Event: 1.896 Thread 0x00000168749739e0 Exception <a 'java/lang/NoSuchMethodError'{0x00000000eba24970}: 'java.lang.Object java.lang.invoke.DirectMethodHandle$Holder.newInvokeSpecial(java.lang.Object, java.lang.Object, int, java.lang.Object)'> (0x00000000eba24970) 
thrown [s\src\hotspot\share\interpreter\linkResolver.cpp, line 773]
Event: 1.907 Thread 0x0000016874aac500 Exception <a 'java/lang/NoSuchMethodError'{0x00000000ebd3b8e8}: 'void java.lang.invoke.DirectMethodHandle$Holder.invokeSpecial(java.lang.Object, java.lang.Object, java.lang.Object, java.lang.Object, java.lang.Object)'> (0x00000000ebd3b8e8) 
thrown [s\src\hotspot\share\interpreter\linkResolver.cpp, line 773]
Event: 1.924 Thread 0x0000016874aac500 Exception <a 'java/lang/NoSuchMethodError'{0x00000000ebf15fd8}: 'double java.lang.invoke.DirectMethodHandle$Holder.invokeStatic(java.lang.Object, java.lang.Object)'> (0x00000000ebf15fd8) 
thrown [s\src\hotspot\share\interpreter\linkResolver.cpp, line 773]
Event: 1.924 Thread 0x0000016874aac500 Exception <a 'java/lang/NoSuchMethodError'{0x00000000ebf19698}: 'double java.lang.invoke.DirectMethodHandle$Holder.invokeStaticInit(java.lang.Object, java.lang.Object)'> (0x00000000ebf19698) 
thrown [s\src\hotspot\share\interpreter\linkResolver.cpp, line 773]
Event: 2.113 Thread 0x0000016874aac500 Implicit null exception at 0x000001682355f775 to 0x000001682355f850
Event: 2.410 Thread 0x0000016874aac500 Exception <a 'java/lang/ClassNotFoundException'{0x00000000eadbfc18}: com/sun/org/apache/xerces/internal/impl/msg/spi/DOMMessagesProvider> (0x00000000eadbfc18) 
thrown [s\src\hotspot\share\classfile\systemDictionary.cpp, line 312]
Event: 2.412 Thread 0x0000016874aac500 Exception <a 'java/lang/ClassNotFoundException'{0x00000000eaddad90}: com/sun/org/apache/xerces/internal/impl/msg/spi/XMLSerializerMessagesProvider> (0x00000000eaddad90) 
thrown [s\src\hotspot\share\classfile\systemDictionary.cpp, line 312]
Event: 2.412 Thread 0x0000016874aac500 Exception <a 'java/lang/ClassNotFoundException'{0x00000000eade80b0}: com/sun/org/apache/xerces/internal/impl/msg/spi/XMLMessagesProvider> (0x00000000eade80b0) 
thrown [s\src\hotspot\share\classfile\systemDictionary.cpp, line 312]
Event: 2.441 Thread 0x0000016874aac500 Exception <a 'java/lang/NoSuchMethodError'{0x00000000eafbed40}: 'java.lang.Object java.lang.invoke.DirectMethodHandle$Holder.newInvokeSpecial(java.lang.Object, int, java.lang.Object, java.lang.Object)'> (0x00000000eafbed40) 
thrown [s\src\hotspot\share\interpreter\linkResolver.cpp, line 773]
Event: 2.483 Thread 0x0000016874aac500 Exception <a 'sun/nio/fs/WindowsException'{0x00000000eb203e60}> (0x00000000eb203e60) 
thrown [s\src\hotspot\share\prims\jni.cpp, line 520]
Event: 3.595 Thread 0x0000016874aac500 Exception <a 'java/lang/ClassNotFoundException'{0x00000000eb7df3d0}: com/sun/org/apache/xml/internal/serializer/spi/XMLEntitiesProvider> (0x00000000eb7df3d0) 
thrown [s\src\hotspot\share\classfile\systemDictionary.cpp, line 312]
Event: 3.650 Thread 0x0000016874aac500 Exception <a 'java/io/FileNotFoundException'{0x00000000ebb484c8}> (0x00000000ebb484c8) 
thrown [s\src\hotspot\share\prims\jni.cpp, line 520]
Event: 3.666 Thread 0x0000016874aac500 Exception <a 'java/lang/UnsatisfiedLinkError'{0x00000000ebc3ac08}: The specified procedure could not be found.
> (0x00000000ebc3ac08) 
thrown [s\src\hotspot\share\prims\jni.cpp, line 539]
Event: 3.670 Thread 0x0000016874aac500 Exception <a 'java/io/FileNotFoundException'{0x00000000ebc50d10}> (0x00000000ebc50d10) 
thrown [s\src\hotspot\share\prims\jni.cpp, line 520]
Event: 3.679 Thread 0x0000016874aac500 Exception <a 'java/io/FileNotFoundException'{0x00000000ebcc90b0}> (0x00000000ebcc90b0) 
thrown [s\src\hotspot\share\prims\jni.cpp, line 520]
Event: 3.684 Thread 0x0000016874aac500 Exception <a 'java/lang/UnsatisfiedLinkError'{0x00000000ebcf73f8}: The specified procedure could not be found.
> (0x00000000ebcf73f8) 
thrown [s\src\hotspot\share\prims\jni.cpp, line 539]
Event: 3.748 Thread 0x00000168162c7610 Exception <a 'java/lang/NoSuchMethodError'{0x00000000ec057740}: 'java.lang.Object java.lang.invoke.DirectMethodHandle$Holder.invokeStatic(java.lang.Object, long, java.lang.Object)'> (0x00000000ec057740) 
thrown [s\src\hotspot\share\interpreter\linkResolver.cpp, line 773]
Event: 3.748 Thread 0x00000168162c7610 Exception <a 'java/lang/NoSuchMethodError'{0x00000000ec085aa8}: 'java.lang.Object java.lang.invoke.DirectMethodHandle$Holder.invokeStaticInit(java.lang.Object, long, java.lang.Object)'> (0x00000000ec085aa8) 
thrown [s\src\hotspot\share\interpreter\linkResolver.cpp, line 773]
Event: 3.749 Thread 0x00000168162c7610 Exception <a 'java/lang/NoSuchMethodError'{0x00000000ec08b2b8}: 'java.lang.Object java.lang.invoke.DirectMethodHandle$Holder.newInvokeSpecial(java.lang.Object, long)'> (0x00000000ec08b2b8) 
thrown [s\src\hotspot\share\interpreter\linkResolver.cpp, line 773]

ZGC Phase Switch (0 events):
No events

VM Operations (20 events):
Event: 2.141 Executing VM operation: CollectForMetadataAllocation (Metadata GC Threshold) done
Event: 2.363 Executing VM operation: ParallelGCFailedAllocation (Allocation Failure)
Event: 2.365 Executing VM operation: ParallelGCFailedAllocation (Allocation Failure) done
Event: 2.373 Executing VM operation: HandshakeAllThreads (Deoptimize)
Event: 2.374 Executing VM operation: HandshakeAllThreads (Deoptimize) done
Event: 2.474 Executing VM operation: HandshakeAllThreads (Deoptimize)
Event: 2.474 Executing VM operation: HandshakeAllThreads (Deoptimize) done
Event: 2.476 Executing VM operation: HandshakeAllThreads (Deoptimize)
Event: 2.476 Executing VM operation: HandshakeAllThreads (Deoptimize) done
Event: 3.477 Executing VM operation: Cleanup
Event: 3.477 Executing VM operation: Cleanup done
Event: 3.528 Executing VM operation: HandshakeAllThreads (Deoptimize)
Event: 3.528 Executing VM operation: HandshakeAllThreads (Deoptimize) done
Event: 3.529 Executing VM operation: HandshakeAllThreads (Deoptimize)
Event: 3.529 Executing VM operation: HandshakeAllThreads (Deoptimize) done
Event: 3.594 Executing VM operation: HandshakeAllThreads (Deoptimize)
Event: 3.594 Executing VM operation: HandshakeAllThreads (Deoptimize) done
Event: 3.614 Executing VM operation: HandshakeAllThreads (Deoptimize)
Event: 3.614 Executing VM operation: HandshakeAllThreads (Deoptimize) done
Event: 4.629 Executing VM operation: Cleanup

Memory protections (0 events):
No events

Nmethod flushes (0 events):
No events

Events (20 events):
Event: 0.835 Thread 0x00000168162c7610 Thread added: 0x0000016874a160b0
Event: 0.836 Thread 0x00000168162c7610 Thread added: 0x0000016874234f60
Event: 0.854 Thread 0x00000168162c7610 Thread added: 0x00000168743e3c30
Event: 0.944 Thread 0x00000168162c7610 Thread added: 0x00000168749f2cd0
Event: 0.946 Thread 0x00000168162c7610 Thread added: 0x0000016874aac500
Event: 1.098 Thread 0x00000168162c7610 Thread added: 0x0000016874aab7e0
Event: 1.135 Thread 0x0000016874aab7e0 Thread added: 0x0000016874aacb90
Event: 1.135 Thread 0x0000016874aab7e0 Thread added: 0x0000016874aabe70
Event: 1.135 Thread 0x0000016874aab7e0 Thread added: 0x0000016874971910
Event: 1.135 Thread 0x0000016874aacb90 Thread added: 0x000001687496f840
Event: 1.136 Thread 0x0000016874aabe70 Thread added: 0x0000016874972630
Event: 1.136 Thread 0x0000016874aab7e0 Thread added: 0x0000016874973350
Event: 1.228 Thread 0x0000016874aac500 Thread added: 0x0000016874971280
Event: 1.307 Thread 0x0000016874aac500 Thread added: 0x0000016874971fa0
Event: 1.549 Thread 0x0000016874aac500 Thread added: 0x0000016874972cc0
Event: 1.836 Thread 0x0000016874aac500 Thread added: 0x000001687496fed0
Event: 1.870 Thread 0x0000016874aac500 Thread added: 0x00000168749739e0
Event: 1.896 Thread 0x0000016874aac500 Thread added: 0x0000016874970bf0
Event: 2.426 Thread 0x0000016874aac500 Thread added: 0x0000016874970560
Event: 2.510 Thread 0x0000016874970560 Thread exited: 0x0000016874970560


Dynamic libraries:
0x00007ff709c50000 - 0x00007ff709c5e000 	c:\Users\USER OS\.vscode\extensions\redhat.java-1.41.2025030508-win32-x64\jre\21.0.6-win32-x86_64\bin\java.exe
0x00007ff814aa0000 - 0x00007ff814d03000 	C:\WINDOWS\SYSTEM32\ntdll.dll
0x00007ff813d90000 - 0x00007ff813e57000 	C:\WINDOWS\System32\KERNEL32.DLL
0x00007ff811df0000 - 0x00007ff8121b9000 	C:\WINDOWS\System32\KERNELBASE.dll
0x00007ff811ca0000 - 0x00007ff811dec000 	C:\WINDOWS\System32\ucrtbase.dll
0x00007fffe9440000 - 0x00007fffe9458000 	c:\Users\USER OS\.vscode\extensions\redhat.java-1.41.2025030508-win32-x64\jre\21.0.6-win32-x86_64\bin\jli.dll
0x00007fffedb70000 - 0x00007fffedb8e000 	c:\Users\USER OS\.vscode\extensions\redhat.java-1.41.2025030508-win32-x64\jre\21.0.6-win32-x86_64\bin\VCRUNTIME140.dll
0x00007ff814000000 - 0x00007ff8141ca000 	C:\WINDOWS\System32\USER32.dll
0x00007ffff6df0000 - 0x00007ffff7080000 	C:\WINDOWS\WinSxS\amd64_microsoft.windows.common-controls_6595b64144ccf1df_6.0.26100.3323_none_3e088096e3344490\COMCTL32.dll
0x00007ff812710000 - 0x00007ff812737000 	C:\WINDOWS\System32\win32u.dll
0x00007ff8133d0000 - 0x00007ff813479000 	C:\WINDOWS\System32\msvcrt.dll
0x00007ff813240000 - 0x00007ff81326a000 	C:\WINDOWS\System32\GDI32.dll
0x00007ff8121c0000 - 0x00007ff8122f1000 	C:\WINDOWS\System32\gdi32full.dll
0x00007ff812300000 - 0x00007ff8123a3000 	C:\WINDOWS\System32\msvcp_win.dll
0x00007ff813fc0000 - 0x00007ff813fef000 	C:\WINDOWS\System32\IMM32.DLL
0x00007ffff6b90000 - 0x00007ffff6b9c000 	c:\Users\USER OS\.vscode\extensions\redhat.java-1.41.2025030508-win32-x64\jre\21.0.6-win32-x86_64\bin\vcruntime140_1.dll
0x00007fffcaf50000 - 0x00007fffcafdd000 	c:\Users\USER OS\.vscode\extensions\redhat.java-1.41.2025030508-win32-x64\jre\21.0.6-win32-x86_64\bin\msvcp140.dll
0x00007fffb7fa0000 - 0x00007fffb8d30000 	c:\Users\USER OS\.vscode\extensions\redhat.java-1.41.2025030508-win32-x64\jre\21.0.6-win32-x86_64\bin\server\jvm.dll
0x00007ff814250000 - 0x00007ff814302000 	C:\WINDOWS\System32\ADVAPI32.dll
0x00007ff813480000 - 0x00007ff813526000 	C:\WINDOWS\System32\sechost.dll
0x00007ff813530000 - 0x00007ff813646000 	C:\WINDOWS\System32\RPCRT4.dll
0x00007ff8128c0000 - 0x00007ff812934000 	C:\WINDOWS\System32\WS2_32.dll
0x00007ff811970000 - 0x00007ff8119be000 	C:\WINDOWS\SYSTEM32\POWRPROF.dll
0x00007ff809a00000 - 0x00007ff809a36000 	C:\WINDOWS\SYSTEM32\WINMM.dll
0x00007ff80a120000 - 0x00007ff80a12b000 	C:\WINDOWS\SYSTEM32\VERSION.dll
0x00007ff811950000 - 0x00007ff811964000 	C:\WINDOWS\SYSTEM32\UMPDC.dll
0x00007ff810ac0000 - 0x00007ff810ada000 	C:\WINDOWS\SYSTEM32\kernel.appcore.dll
0x00007ffff4700000 - 0x00007ffff470a000 	c:\Users\USER OS\.vscode\extensions\redhat.java-1.41.2025030508-win32-x64\jre\21.0.6-win32-x86_64\bin\jimage.dll
0x00007ffffebf0000 - 0x00007ffffee31000 	C:\WINDOWS\SYSTEM32\DBGHELP.DLL
0x00007ff814370000 - 0x00007ff8146f2000 	C:\WINDOWS\System32\combase.dll
0x00007ff813ee0000 - 0x00007ff813fb6000 	C:\WINDOWS\System32\OLEAUT32.dll
0x00007ffff9190000 - 0x00007ffff91c9000 	C:\WINDOWS\SYSTEM32\dbgcore.DLL
0x00007ff812470000 - 0x00007ff812509000 	C:\WINDOWS\System32\bcryptPrimitives.dll
0x00007ffff3dd0000 - 0x00007ffff3ddf000 	c:\Users\USER OS\.vscode\extensions\redhat.java-1.41.2025030508-win32-x64\jre\21.0.6-win32-x86_64\bin\instrument.dll
0x00007fffe9420000 - 0x00007fffe943f000 	c:\Users\USER OS\.vscode\extensions\redhat.java-1.41.2025030508-win32-x64\jre\21.0.6-win32-x86_64\bin\java.dll
0x00007ff812af0000 - 0x00007ff813205000 	C:\WINDOWS\System32\SHELL32.dll
0x00007ff8125a0000 - 0x00007ff812708000 	C:\WINDOWS\System32\wintypes.dll
0x00007ff80f980000 - 0x00007ff8101c5000 	C:\WINDOWS\SYSTEM32\windows.storage.dll
0x00007ff814970000 - 0x00007ff814a5b000 	C:\WINDOWS\System32\SHCORE.dll
0x00007ff814310000 - 0x00007ff81436d000 	C:\WINDOWS\System32\shlwapi.dll
0x00007ff811bb0000 - 0x00007ff811bdf000 	C:\WINDOWS\SYSTEM32\profapi.dll
0x00007fffe7320000 - 0x00007fffe7338000 	c:\Users\USER OS\.vscode\extensions\redhat.java-1.41.2025030508-win32-x64\jre\21.0.6-win32-x86_64\bin\zip.dll
0x00007ffff0520000 - 0x00007ffff0530000 	C:\Users\USER OS\.vscode\extensions\redhat.java-1.41.2025030508-win32-x64\jre\21.0.6-win32-x86_64\bin\net.dll
0x00007ff809dc0000 - 0x00007ff809ede000 	C:\WINDOWS\SYSTEM32\WINHTTP.dll
0x00007ff810fe0000 - 0x00007ff81104a000 	C:\WINDOWS\system32\mswsock.dll
0x00007fffe5d70000 - 0x00007fffe5d86000 	C:\Users\USER OS\.vscode\extensions\redhat.java-1.41.2025030508-win32-x64\jre\21.0.6-win32-x86_64\bin\nio.dll
0x00007fffee310000 - 0x00007fffee320000 	c:\Users\USER OS\.vscode\extensions\redhat.java-1.41.2025030508-win32-x64\jre\21.0.6-win32-x86_64\bin\verify.dll
0x00007fffd6830000 - 0x00007fffd6875000 	C:\Users\USER OS\AppData\Roaming\Code\User\globalStorage\redhat.java\1.41.2025030508\config_ss_win\org.eclipse.equinox.launcher\org.eclipse.equinox.launcher.win32.win32.x86_64_1.2.1200.v20250212-0927\eclipse_11909.dll
0x00007ff813bf0000 - 0x00007ff813d85000 	C:\WINDOWS\System32\ole32.dll
0x00007ff811280000 - 0x00007ff81129c000 	C:\WINDOWS\SYSTEM32\CRYPTSP.dll
0x00007ff810a20000 - 0x00007ff810a5a000 	C:\WINDOWS\system32\rsaenh.dll
0x00007ff811080000 - 0x00007ff8110ab000 	C:\WINDOWS\SYSTEM32\USERENV.dll
0x00007ff8114c0000 - 0x00007ff8114e6000 	C:\WINDOWS\SYSTEM32\bcrypt.dll
0x00007ff8112a0000 - 0x00007ff8112ac000 	C:\WINDOWS\SYSTEM32\CRYPTBASE.dll
0x00007ff810530000 - 0x00007ff810563000 	C:\WINDOWS\SYSTEM32\IPHLPAPI.DLL
0x00007ff8148e0000 - 0x00007ff8148ea000 	C:\WINDOWS\System32\NSI.dll
0x00007fffcf570000 - 0x00007fffcf5b9000 	C:\Users\USER OS\AppData\Local\Temp\jna-570820185\jna6107342970121457329.dll
0x00007ff813230000 - 0x00007ff813238000 	C:\WINDOWS\System32\PSAPI.DLL
0x00007ff80b210000 - 0x00007ff80b22f000 	C:\WINDOWS\SYSTEM32\dhcpcsvc6.DLL
0x00007ff80adc0000 - 0x00007ff80ade5000 	C:\WINDOWS\SYSTEM32\dhcpcsvc.DLL

dbghelp: loaded successfully - version: 4.0.5 - missing functions: none
symbol engine: initialized successfully - sym options: 0x614 - pdb path: .;c:\Users\USER OS\.vscode\extensions\redhat.java-1.41.2025030508-win32-x64\jre\21.0.6-win32-x86_64\bin;C:\WINDOWS\SYSTEM32;C:\WINDOWS\WinSxS\amd64_microsoft.windows.common-controls_6595b64144ccf1df_6.0.26100.3323_none_3e088096e3344490;c:\Users\USER OS\.vscode\extensions\redhat.java-1.41.2025030508-win32-x64\jre\21.0.6-win32-x86_64\bin\server;C:\Users\USER OS\AppData\Roaming\Code\User\globalStorage\redhat.java\1.41.2025030508\config_ss_win\org.eclipse.equinox.launcher\org.eclipse.equinox.launcher.win32.win32.x86_64_1.2.1200.v20250212-0927;C:\Users\USER OS\AppData\Local\Temp\jna-570820185

VM Arguments:
jvm_args: --add-modules=ALL-SYSTEM --add-opens=java.base/java.util=ALL-UNNAMED --add-opens=java.base/java.lang=ALL-UNNAMED --add-opens=java.base/sun.nio.fs=ALL-UNNAMED -Declipse.application=org.eclipse.jdt.ls.core.id1 -Dosgi.bundles.defaultStartLevel=4 -Declipse.product=org.eclipse.jdt.ls.core.product -Djava.import.generatesMetadataFilesAtProjectRoot=false -DDetectVMInstallationsJob.disabled=true -Dfile.encoding=utf8 -XX:+UseParallelGC -XX:GCTimeRatio=4 -XX:AdaptiveSizePolicyWeight=90 -Dsun.zip.disableMemoryMapping=true -Xmx1G -Xms100m -Xlog:disable -javaagent:c:\Users\USER OS\.vscode\extensions\redhat.java-1.41.2025030508-win32-x64\lombok\lombok-1.18.36.jar 
java_command: c:\Users\USER OS\.vscode\extensions\redhat.java-1.41.2025030508-win32-x64\server\plugins\org.eclipse.equinox.launcher_1.6.1000.v20250227-1734.jar -configuration c:\Users\USER OS\AppData\Roaming\Code\User\globalStorage\redhat.java\1.41.2025030508\config_ss_win -data c:\Users\USER OS\AppData\Roaming\Code\User\workspaceStorage\ae233ce265d2c8e79b7c89f558c1173d\redhat.java\ss_ws --pipe=\\.\pipe\lsp-77a8a36bdeb17604217cf5cc43b3e80e-sock
java_class_path (initial): c:\Users\USER OS\.vscode\extensions\redhat.java-1.41.2025030508-win32-x64\server\plugins\org.eclipse.equinox.launcher_1.6.1000.v20250227-1734.jar
Launcher Type: SUN_STANDARD

[Global flags]
    uintx AdaptiveSizePolicyWeight                 = 90                                        {product} {command line}
     intx CICompilerCount                          = 4                                         {product} {ergonomic}
    uintx GCTimeRatio                              = 4                                         {product} {command line}
   size_t InitialHeapSize                          = 104857600                                 {product} {command line}
   size_t MaxHeapSize                              = 1073741824                                {product} {command line}
   size_t MaxNewSize                               = 357564416                                 {product} {ergonomic}
   size_t MinHeapDeltaBytes                        = 524288                                    {product} {ergonomic}
   size_t MinHeapSize                              = 104857600                                 {product} {command line}
   size_t NewSize                                  = 34603008                                  {product} {ergonomic}
    uintx NonNMethodCodeHeapSize                   = 5839372                                {pd product} {ergonomic}
    uintx NonProfiledCodeHeapSize                  = 122909434                              {pd product} {ergonomic}
   size_t OldSize                                  = 70254592                                  {product} {ergonomic}
    uintx ProfiledCodeHeapSize                     = 122909434                              {pd product} {ergonomic}
    uintx ReservedCodeCacheSize                    = 251658240                              {pd product} {ergonomic}
     bool SegmentedCodeCache                       = true                                      {product} {ergonomic}
   size_t SoftMaxHeapSize                          = 1073741824                             {manageable} {ergonomic}
     bool UseCompressedOops                        = true                           {product lp64_product} {ergonomic}
     bool UseLargePagesIndividualAllocation        = false                                  {pd product} {ergonomic}
     bool UseParallelGC                            = true                                      {product} {command line}

Logging:
Log output configuration:
 #0: stdout all=off uptime,level,tags foldmultilines=false
 #1: stderr all=off uptime,level,tags foldmultilines=false

Environment Variables:
JAVA_HOME=C:\Program Files\Java\jdk-23
PATH=C:\Program Files\Common Files\Oracle\Java\javapath;C:\Program Files (x86)\Common Files\Oracle\Java\java8path;C:\Program Files (x86)\Common Files\Oracle\Java\javapath;C:\WINDOWS\system32;C:\WINDOWS;C:\WINDOWS\System32\Wbem;C:\WINDOWS\System32\WindowsPowerShell\v1.0\;C:\WINDOWS\System32\OpenSSH\;C:\Program Files\Git\cmd;C:\Program Files\Java\jdk-23\bin;C:\Program Files\dotnet\;C:\Users\USER OS\AppData\Local\Programs\Python\Python312\Scripts\;C:\Users\USER OS\AppData\Local\Programs\Python\Python312\;C:\MinGW\bin;;C:\Users\USER OS\AppData\Local\Programs\Microsoft VS Code\bin;C:\Program Files\JetBrains\IntelliJ IDEA Community Edition 2024.2.4\bin;;C:\Users\USER OS\AppData\Local\Microsoft\WindowsApps;C:\Program Files\JetBrains\IntelliJ IDEA 2024.3.2.2\bin;;C:\Users\USER OS\.dotnet\tools
USERNAME=USER OS
OS=Windows_NT
PROCESSOR_IDENTIFIER=AMD64 Family 25 Model 80 Stepping 0, AuthenticAMD
TMP=C:\Users\USEROS~1\AppData\Local\Temp
TEMP=C:\Users\USEROS~1\AppData\Local\Temp




Periodic native trim disabled

---------------  S Y S T E M  ---------------

OS:
 Windows 11 , 64 bit Build 26100 (10.0.26100.3323)
OS uptime: 0 days 0:54 hours
Hyper-V role detected

CPU: total 12 (initial active 12) (12 cores per cpu, 2 threads per core) family 25 model 80 stepping 0 microcode 0xa50000f, cx8, cmov, fxsr, ht, mmx, 3dnowpref, sse, sse2, sse3, ssse3, sse4a, sse4.1, sse4.2, popcnt, lzcnt, tsc, tscinvbit, avx, avx2, aes, erms, clmul, bmi1, bmi2, adx, sha, fma, vzeroupper, clflush, clflushopt, hv, rdtscp, rdpid, fsrm, f16c, cet_ss
Processor Information for processor 0
  Max Mhz: 2301, Current Mhz: 2010, Mhz Limit: 2301
Processor Information for processor 1
  Max Mhz: 2301, Current Mhz: 2010, Mhz Limit: 2301
Processor Information for processor 2
  Max Mhz: 2301, Current Mhz: 2301, Mhz Limit: 2301
Processor Information for processor 3
  Max Mhz: 2301, Current Mhz: 2301, Mhz Limit: 2301
Processor Information for processor 4
  Max Mhz: 2301, Current Mhz: 2010, Mhz Limit: 2301
Processor Information for processor 5
  Max Mhz: 2301, Current Mhz: 2010, Mhz Limit: 2301
Processor Information for processor 6
  Max Mhz: 2301, Current Mhz: 2301, Mhz Limit: 2301
Processor Information for processor 7
  Max Mhz: 2301, Current Mhz: 2301, Mhz Limit: 2301
Processor Information for processor 8
  Max Mhz: 2301, Current Mhz: 2301, Mhz Limit: 2301
Processor Information for processor 9
  Max Mhz: 2301, Current Mhz: 2301, Mhz Limit: 2301
Processor Information for processor 10
  Max Mhz: 2301, Current Mhz: 2301, Mhz Limit: 2301
Processor Information for processor 11
  Max Mhz: 2301, Current Mhz: 2301, Mhz Limit: 2301

Memory: 4k page, system-wide physical 7520M (1012M free)
TotalPageFile size 11616M (AvailPageFile size 7M)
current process WorkingSet (physical memory assigned to process): 167M, peak: 168M
current process commit charge ("private bytes"): 272M, peak: 273M

vm_info: OpenJDK 64-Bit Server VM (21.0.6+7-LTS) for windows-amd64 JRE (21.0.6+7-LTS), built on 2025-01-21T00:00:00Z by "admin" with MS VC++ 17.7 (VS2022)

END.
