#
# There is insufficient memory for the Java Runtime Environment to continue.
# Native memory allocation (malloc) failed to allocate 285936 bytes. Error detail: Chunk::new
# Possible reasons:
#   The system is out of physical RAM or swap space
#   This process is running with CompressedOops enabled, and the Java Heap may be blocking the growth of the native heap
# Possible solutions:
#   Reduce memory load on the system
#   Increase physical memory or swap space
#   Check if swap backing store is full
#   Decrease Java heap size (-Xmx/-Xms)
#   Decrease number of Java threads
#   Decrease Java thread stack sizes (-Xss)
#   Set larger code cache with -XX:ReservedCodeCacheSize=
#   JVM is running with Unscaled Compressed Oops mode in which the Java heap is
#     placed in the first 4GB address space. The Java Heap base address is the
#     maximum limit for the native heap growth. Please use -XX:HeapBaseMinAddress
#     to set the Java Heap base and to place the Java Heap above 4GB virtual address.
# This output file may be truncated or incomplete.
#
#  Out of Memory Error (arena.cpp:168), pid=9124, tid=12236
#
# JRE version: OpenJDK Runtime Environment Temurin-21.0.6+7 (21.0.6+7) (build 21.0.6+7-LTS)
# Java VM: OpenJDK 64-Bit Server VM Temurin-21.0.6+7 (21.0.6+7-LTS, mixed mode, sharing, tiered, compressed oops, compressed class ptrs, parallel gc, windows-amd64)
# No core dump will be written. Minidumps are not enabled by default on client versions of Windows
#

---------------  S U M M A R Y ------------

Command Line: --add-modules=ALL-SYSTEM --add-opens=java.base/java.util=ALL-UNNAMED --add-opens=java.base/java.lang=ALL-UNNAMED --add-opens=java.base/sun.nio.fs=ALL-UNNAMED -Declipse.application=org.eclipse.jdt.ls.core.id1 -Dosgi.bundles.defaultStartLevel=4 -Declipse.product=org.eclipse.jdt.ls.core.product -Djava.import.generatesMetadataFilesAtProjectRoot=false -DDetectVMInstallationsJob.disabled=true -Dfile.encoding=utf8 -XX:+UseParallelGC -XX:GCTimeRatio=4 -XX:AdaptiveSizePolicyWeight=90 -Dsun.zip.disableMemoryMapping=true -Xmx1G -Xms100m -Xlog:disable -javaagent:c:\Users\USER OS\.vscode\extensions\redhat.java-1.41.2025030508-win32-x64\lombok\lombok-1.18.36.jar c:\Users\USER OS\.vscode\extensions\redhat.java-1.41.2025030508-win32-x64\server\plugins\org.eclipse.equinox.launcher_1.6.1000.v20250227-1734.jar -configuration c:\Users\USER OS\AppData\Roaming\Code\User\globalStorage\redhat.java\1.41.2025030508\config_ss_win -data c:\Users\USER OS\AppData\Roaming\Code\User\workspaceStorage\ae233ce265d2c8e79b7c89f558c1173d\redhat.java\ss_ws --pipe=\\.\pipe\lsp-482853d39222d6c2bc25b1e7502bdb76-sock

Host: AMD Ryzen 5 5625U with Radeon Graphics         , 12 cores, 7G,  Windows 11 , 64 bit Build 26100 (10.0.26100.3323)
Time: Tue Mar 11 02:16:39 2025 Bangladesh Standard Time elapsed time: 8.378418 seconds (0d 0h 0m 8s)

---------------  T H R E A D  ---------------

Current thread (0x000001eeeeb44b50):  JavaThread "C2 CompilerThread1" daemon [_thread_in_native, id=12236, stack(0x00000090bb300000,0x00000090bb400000) (1024K)]


Current CompileTask:
C2:8378 2061       4       org.eclipse.osgi.container.ModuleResolver$$Lambda/0x000001ee81116210::test (16 bytes)

Stack: [0x00000090bb300000,0x00000090bb400000]
Native frames: (J=compiled Java code, j=interpreted, Vv=VM code, C=native code)
V  [jvm.dll+0x6cdee9]
V  [jvm.dll+0x8a83d1]
V  [jvm.dll+0x8aa8fe]
V  [jvm.dll+0x8aafe3]
V  [jvm.dll+0x27f706]
V  [jvm.dll+0xc500d]
V  [jvm.dll+0xc5543]
V  [jvm.dll+0x3b6752]
V  [jvm.dll+0x382935]
V  [jvm.dll+0x381d9a]
V  [jvm.dll+0x2479f0]
V  [jvm.dll+0x246fcf]
V  [jvm.dll+0x1c75ee]
V  [jvm.dll+0x25685a]
V  [jvm.dll+0x254dfa]
V  [jvm.dll+0x3f0256]
V  [jvm.dll+0x851f8b]
V  [jvm.dll+0x6cc5ed]
C  [ucrtbase.dll+0x37b0]
C  [KERNEL32.DLL+0x2e8d7]
C  [ntdll.dll+0xbbf6c]


---------------  P R O C E S S  ---------------

Threads class SMR info:
_java_thread_list=0x000001eef3d04f30, length=30, elements={
0x000001eed7d70b90, 0x000001eeec91e520, 0x000001eeee920da0, 0x000001eeee928f10,
0x000001eeee929d10, 0x000001eeee938fe0, 0x000001eeee93d6a0, 0x000001eeee941fb0,
0x000001eeee942dd0, 0x000001eeee93a220, 0x000001eeeeb44b50, 0x000001eeee93a8b0,
0x000001eef3673bc0, 0x000001eeee93af40, 0x000001eeee93b5d0, 0x000001eeee93bc60,
0x000001eeee93c2f0, 0x000001eeee93c980, 0x000001eeee93d010, 0x000001eef33b9b30,
0x000001eef33b8e10, 0x000001eef33ba1c0, 0x000001eef33b80f0, 0x000001eef33b94a0,
0x000001eef33b8780, 0x000001eef33b6d40, 0x000001eef33ba850, 0x000001eef33b73d0,
0x000001eef33baee0, 0x000001eef33bdcd0
}

Java Threads: ( => current thread )
  0x000001eed7d70b90 JavaThread "main"                              [_thread_blocked, id=17944, stack(0x00000090ba600000,0x00000090ba700000) (1024K)]
  0x000001eeec91e520 JavaThread "Reference Handler"          daemon [_thread_blocked, id=16832, stack(0x00000090baa00000,0x00000090bab00000) (1024K)]
  0x000001eeee920da0 JavaThread "Finalizer"                  daemon [_thread_blocked, id=18392, stack(0x00000090bab00000,0x00000090bac00000) (1024K)]
  0x000001eeee928f10 JavaThread "Signal Dispatcher"          daemon [_thread_blocked, id=5484, stack(0x00000090bac00000,0x00000090bad00000) (1024K)]
  0x000001eeee929d10 JavaThread "Attach Listener"            daemon [_thread_blocked, id=9608, stack(0x00000090bad00000,0x00000090bae00000) (1024K)]
  0x000001eeee938fe0 JavaThread "Service Thread"             daemon [_thread_blocked, id=8004, stack(0x00000090bae00000,0x00000090baf00000) (1024K)]
  0x000001eeee93d6a0 JavaThread "Monitor Deflation Thread"   daemon [_thread_blocked, id=10852, stack(0x00000090baf00000,0x00000090bb000000) (1024K)]
  0x000001eeee941fb0 JavaThread "C2 CompilerThread0"         daemon [_thread_blocked, id=1256, stack(0x00000090bb000000,0x00000090bb100000) (1024K)]
  0x000001eeee942dd0 JavaThread "C1 CompilerThread0"         daemon [_thread_blocked, id=17476, stack(0x00000090bb100000,0x00000090bb200000) (1024K)]
  0x000001eeee93a220 JavaThread "Common-Cleaner"             daemon [_thread_blocked, id=10276, stack(0x00000090bb200000,0x00000090bb300000) (1024K)]
=>0x000001eeeeb44b50 JavaThread "C2 CompilerThread1"         daemon [_thread_in_native, id=12236, stack(0x00000090bb300000,0x00000090bb400000) (1024K)]
  0x000001eeee93a8b0 JavaThread "Notification Thread"        daemon [_thread_blocked, id=17176, stack(0x00000090bb400000,0x00000090bb500000) (1024K)]
  0x000001eef3673bc0 JavaThread "C2 CompilerThread2"         daemon [_thread_in_native, id=11296, stack(0x00000090bb500000,0x00000090bb600000) (1024K)]
  0x000001eeee93af40 JavaThread "Equinox resolver thread - Equinox Container: db1fee4e-6a21-4109-b70a-958c25be7792" daemon [_thread_blocked, id=6400, stack(0x00000090bbc00000,0x00000090bbd00000) (1024K)]
  0x000001eeee93b5d0 JavaThread "Equinox resolver thread - Equinox Container: db1fee4e-6a21-4109-b70a-958c25be7792" daemon [_thread_blocked, id=11380, stack(0x00000090bbd00000,0x00000090bbe00000) (1024K)]
  0x000001eeee93bc60 JavaThread "Equinox resolver thread - Equinox Container: db1fee4e-6a21-4109-b70a-958c25be7792" daemon [_thread_blocked, id=3028, stack(0x00000090bbe00000,0x00000090bbf00000) (1024K)]
  0x000001eeee93c2f0 JavaThread "Equinox resolver thread - Equinox Container: db1fee4e-6a21-4109-b70a-958c25be7792" daemon [_thread_blocked, id=8100, stack(0x00000090bbf00000,0x00000090bc000000) (1024K)]
  0x000001eeee93c980 JavaThread "Equinox resolver thread - Equinox Container: db1fee4e-6a21-4109-b70a-958c25be7792" daemon [_thread_blocked, id=8756, stack(0x00000090bc000000,0x00000090bc100000) (1024K)]
  0x000001eeee93d010 JavaThread "Equinox resolver thread - Equinox Container: db1fee4e-6a21-4109-b70a-958c25be7792" daemon [_thread_blocked, id=13856, stack(0x00000090bc100000,0x00000090bc200000) (1024K)]
  0x000001eef33b9b30 JavaThread "Active Thread: Equinox Container: db1fee4e-6a21-4109-b70a-958c25be7792"        [_thread_blocked, id=17820, stack(0x00000090bc200000,0x00000090bc300000) (1024K)]
  0x000001eef33b8e10 JavaThread "Framework Event Dispatcher: Equinox Container: db1fee4e-6a21-4109-b70a-958c25be7792" daemon [_thread_blocked, id=13420, stack(0x00000090bc300000,0x00000090bc400000) (1024K)]
  0x000001eef33ba1c0 JavaThread "Start Level: Equinox Container: db1fee4e-6a21-4109-b70a-958c25be7792" daemon [_thread_in_Java, id=14216, stack(0x00000090bc400000,0x00000090bc500000) (1024K)]
  0x000001eef33b80f0 JavaThread "Refresh Thread: Equinox Container: db1fee4e-6a21-4109-b70a-958c25be7792" daemon [_thread_blocked, id=12732, stack(0x00000090bc600000,0x00000090bc700000) (1024K)]
  0x000001eef33b94a0 JavaThread "Equinox resolver thread - Equinox Container: db1fee4e-6a21-4109-b70a-958c25be7792" daemon [_thread_blocked, id=16628, stack(0x00000090bc700000,0x00000090bc800000) (1024K)]
  0x000001eef33b8780 JavaThread "Equinox resolver thread - Equinox Container: db1fee4e-6a21-4109-b70a-958c25be7792" daemon [_thread_blocked, id=18500, stack(0x00000090bc800000,0x00000090bc900000) (1024K)]
  0x000001eef33b6d40 JavaThread "Equinox resolver thread - Equinox Container: db1fee4e-6a21-4109-b70a-958c25be7792" daemon [_thread_blocked, id=2696, stack(0x00000090bc900000,0x00000090bca00000) (1024K)]
  0x000001eef33ba850 JavaThread "Equinox resolver thread - Equinox Container: db1fee4e-6a21-4109-b70a-958c25be7792" daemon [_thread_blocked, id=18740, stack(0x00000090bca00000,0x00000090bcb00000) (1024K)]
  0x000001eef33b73d0 JavaThread "Equinox resolver thread - Equinox Container: db1fee4e-6a21-4109-b70a-958c25be7792" daemon [_thread_blocked, id=2952, stack(0x00000090bcb00000,0x00000090bcc00000) (1024K)]
  0x000001eef33baee0 JavaThread "Equinox resolver thread - Equinox Container: db1fee4e-6a21-4109-b70a-958c25be7792" daemon [_thread_blocked, id=7584, stack(0x00000090bcc00000,0x00000090bcd00000) (1024K)]
  0x000001eef33bdcd0 JavaThread "SCR Component Actor"        daemon [_thread_blocked, id=15796, stack(0x00000090bcd00000,0x00000090bce00000) (1024K)]
Total: 30

Other Threads:
  0x000001eed6151890 VMThread "VM Thread"                           [id=17568, stack(0x00000090ba900000,0x00000090baa00000) (1024K)]
  0x000001eeec7fca00 WatcherThread "VM Periodic Task Thread"        [id=13188, stack(0x00000090ba800000,0x00000090ba900000) (1024K)]
  0x000001eed6150a10 WorkerThread "GC Thread#0"                     [id=2096, stack(0x00000090ba700000,0x00000090ba800000) (1024K)]
  0x000001eed61514f0 WorkerThread "GC Thread#1"                     [id=6320, stack(0x00000090bb600000,0x00000090bb700000) (1024K)]
  0x000001eed61502d0 WorkerThread "GC Thread#2"                     [id=2364, stack(0x00000090bb700000,0x00000090bb800000) (1024K)]
  0x000001eef33cf9d0 WorkerThread "GC Thread#3"                     [id=8896, stack(0x00000090bb800000,0x00000090bb900000) (1024K)]
  0x000001eef33cd590 WorkerThread "GC Thread#4"                     [id=14256, stack(0x00000090bb900000,0x00000090bba00000) (1024K)]
  0x000001eef33cc370 WorkerThread "GC Thread#5"                     [id=16616, stack(0x00000090bba00000,0x00000090bbb00000) (1024K)]
  0x000001eef33cdcd0 WorkerThread "GC Thread#6"                     [id=16800, stack(0x00000090bbb00000,0x00000090bbc00000) (1024K)]
  0x000001eef33ce410 WorkerThread "GC Thread#7"                     [id=19164, stack(0x00000090bc500000,0x00000090bc600000) (1024K)]
Total: 10

Threads with active compile tasks:
C1 CompilerThread0  9401 2158       3       sun.invoke.util.VerifyAccess::isMemberAccessible (338 bytes)
C2 CompilerThread1  9401 2061       4       org.eclipse.osgi.container.ModuleResolver$$Lambda/0x000001ee81116210::test (16 bytes)
C2 CompilerThread2  9401 2017       4       org.apache.felix.resolver.ResolverImpl::mergeUses (495 bytes)
Total: 3

VM state: not at safepoint (normal execution)

VM Mutex/Monitor currently owned by a thread: None

Heap address: 0x00000000c0000000, size: 1024 MB, Compressed Oops mode: 32-bit

CDS archive(s) mapped at: [0x000001ee80000000-0x000001ee80ba0000-0x000001ee80ba0000), size 12189696, SharedBaseAddress: 0x000001ee80000000, ArchiveRelocationMode: 1.
Compressed class space mapped at: 0x000001ee81000000-0x000001eec1000000, reserved size: 1073741824
Narrow klass base: 0x000001ee80000000, Narrow klass shift: 0, Narrow klass range: 0x100000000

GC Precious Log:
 CardTable entry size: 512
 CPUs: 12 total, 12 available
 Memory: 7520M
 Large Page Support: Disabled
 NUMA Support: Disabled
 Compressed Oops: Enabled (32-bit)
 Alignments: Space 512K, Generation 512K, Heap 2M
 Heap Min Capacity: 100M
 Heap Initial Capacity: 100M
 Heap Max Capacity: 1G
 Pre-touch: Disabled
 Parallel Workers: 10

Heap:
 PSYoungGen      total 29696K, used 27740K [0x00000000eab00000, 0x00000000ecc00000, 0x0000000100000000)
  eden space 25600K, 92% used [0x00000000eab00000,0x00000000ec21b140,0x00000000ec400000)
  from space 4096K, 99% used [0x00000000ec800000,0x00000000ecbfc2b0,0x00000000ecc00000)
  to   space 4096K, 0% used [0x00000000ec400000,0x00000000ec400000,0x00000000ec800000)
 ParOldGen       total 68608K, used 653K [0x00000000c0000000, 0x00000000c4300000, 0x00000000eab00000)
  object space 68608K, 0% used [0x00000000c0000000,0x00000000c00a3708,0x00000000c4300000)
 Metaspace       used 8861K, committed 9216K, reserved 1114112K
  class space    used 876K, committed 1024K, reserved 1048576K

Card table byte_map: [0x000001eeea1b0000,0x000001eeea3c0000] _byte_map_base: 0x000001eee9bb0000

Marking Bits: (ParMarkBitMap*) 0x00007fffb8c53260
 Begin Bits: [0x000001eeea520000, 0x000001eeeb520000)
 End Bits:   [0x000001eeeb520000, 0x000001eeec520000)

Polling page: 0x000001eed6570000

Metaspace:

Usage:
  Non-class:      7.80 MB used.
      Class:    876.98 KB used.
       Both:      8.65 MB used.

Virtual space:
  Non-class space:       64.00 MB reserved,       8.00 MB ( 12%) committed,  1 nodes.
      Class space:        1.00 GB reserved,       1.00 MB ( <1%) committed,  1 nodes.
             Both:        1.06 GB reserved,       9.00 MB ( <1%) committed. 

Chunk freelists:
   Non-Class:  7.98 MB
       Class:  14.85 MB
        Both:  22.83 MB

MaxMetaspaceSize: unlimited
CompressedClassSpaceSize: 1.00 GB
Initial GC threshold: 21.00 MB
Current GC threshold: 21.00 MB
CDS: on
 - commit_granule_bytes: 65536.
 - commit_granule_words: 8192.
 - virtual_space_node_default_size: 8388608.
 - enlarge_chunks_in_place: 1.
 - use_allocation_guard: 0.


Internal statistics:

num_allocs_failed_limit: 0.
num_arena_births: 186.
num_arena_deaths: 0.
num_vsnodes_births: 2.
num_vsnodes_deaths: 0.
num_space_committed: 144.
num_space_uncommitted: 0.
num_chunks_returned_to_freelist: 0.
num_chunks_taken_from_freelist: 395.
num_chunk_merges: 0.
num_chunk_splits: 279.
num_chunks_enlarged: 210.
num_inconsistent_stats: 0.

CodeHeap 'non-profiled nmethods': size=120000Kb used=922Kb max_used=922Kb free=119077Kb
 bounds [0x000001eee2aa0000, 0x000001eee2d10000, 0x000001eee9fd0000]
CodeHeap 'profiled nmethods': size=120000Kb used=3984Kb max_used=3984Kb free=116015Kb
 bounds [0x000001eedafd0000, 0x000001eedb3c0000, 0x000001eee2500000]
CodeHeap 'non-nmethods': size=5760Kb used=1220Kb max_used=1245Kb free=4539Kb
 bounds [0x000001eee2500000, 0x000001eee2770000, 0x000001eee2aa0000]
 total_blobs=2636 nmethods=2153 adapters=388
 compilation: enabled
              stopped_count=0, restarted_count=0
 full_count=0

Compilation events (20 events):
Event: 5.342 Thread 0x000001eeee942dd0 2116       3       java.util.concurrent.locks.AbstractQueuedSynchronizer::acquire (20 bytes)
Event: 5.342 Thread 0x000001eeee942dd0 nmethod 2116 0x000001eedb39ff10 code [0x000001eedb3a00e0, 0x000001eedb3a0350]
Event: 5.342 Thread 0x000001eeee942dd0 2118       3       org.eclipse.osgi.container.Module::compareTo (54 bytes)
Event: 5.342 Thread 0x000001eeee942dd0 nmethod 2118 0x000001eedb3a0410 code [0x000001eedb3a05e0, 0x000001eedb3a08d0]
Event: 5.342 Thread 0x000001eeee941fb0 nmethod 2018 0x000001eee2b83010 code [0x000001eee2b831a0, 0x000001eee2b833f0]
Event: 5.343 Thread 0x000001eeee942dd0 2119       3       java.util.regex.Pattern$BitClass::is (22 bytes)
Event: 5.343 Thread 0x000001eeee942dd0 nmethod 2119 0x000001eedb3a0a10 code [0x000001eedb3a0bc0, 0x000001eedb3a0d80]
Event: 5.347 Thread 0x000001eeee942dd0 2120       3       sun.security.provider.SHA2::implDigest (98 bytes)
Event: 5.348 Thread 0x000001eeee942dd0 nmethod 2120 0x000001eedb3a0e90 code [0x000001eedb3a11a0, 0x000001eedb3a22e0]
Event: 5.349 Thread 0x000001eeee942dd0 2121       3       java.lang.ref.Reference::<init> (7 bytes)
Event: 5.349 Thread 0x000001eeee942dd0 nmethod 2121 0x000001eedb3a2990 code [0x000001eedb3a2b40, 0x000001eedb3a2d70]
Event: 5.351 Thread 0x000001eeee941fb0 2122       4       java.lang.StringLatin1::indexOf (121 bytes)
Event: 5.354 Thread 0x000001eeee942dd0 2123       3       org.eclipse.osgi.internal.framework.EquinoxConfiguration::getProperty (9 bytes)
Event: 5.355 Thread 0x000001eeee942dd0 nmethod 2123 0x000001eedb3a2e90 code [0x000001eedb3a30e0, 0x000001eedb3a3878]
Event: 5.355 Thread 0x000001eeee941fb0 nmethod 2122 0x000001eee2b83510 code [0x000001eee2b836a0, 0x000001eee2b83970]
Event: 5.355 Thread 0x000001eeee942dd0 2125       3       java.lang.ThreadLocal::get (8 bytes)
Event: 5.355 Thread 0x000001eeee942dd0 nmethod 2125 0x000001eedb3a3b10 code [0x000001eedb3a3cc0, 0x000001eedb3a3e18]
Event: 5.355 Thread 0x000001eeee942dd0 2124       3       org.eclipse.osgi.internal.framework.EquinoxConfiguration$ConfigValues::getProperty (31 bytes)
Event: 5.356 Thread 0x000001eeee942dd0 nmethod 2124 0x000001eedb3a3f10 code [0x000001eedb3a41a0, 0x000001eedb3a4c18]
Event: 7.201 Thread 0x000001eeee942dd0 2126       3       java.util.concurrent.Semaphore$NonfairSync::tryAcquireShared (6 bytes)

GC Heap History (4 events):
Event: 1.750 GC heap before
{Heap before GC invocations=1 (full 0):
 PSYoungGen      total 29696K, used 25600K [0x00000000eab00000, 0x00000000ecc00000, 0x0000000100000000)
  eden space 25600K, 100% used [0x00000000eab00000,0x00000000ec400000,0x00000000ec400000)
  from space 4096K, 0% used [0x00000000ec800000,0x00000000ec800000,0x00000000ecc00000)
  to   space 4096K, 0% used [0x00000000ec400000,0x00000000ec400000,0x00000000ec800000)
 ParOldGen       total 68608K, used 0K [0x00000000c0000000, 0x00000000c4300000, 0x00000000eab00000)
  object space 68608K, 0% used [0x00000000c0000000,0x00000000c0000000,0x00000000c4300000)
 Metaspace       used 4330K, committed 4480K, reserved 1114112K
  class space    used 434K, committed 512K, reserved 1048576K
}
Event: 1.754 GC heap after
{Heap after GC invocations=1 (full 0):
 PSYoungGen      total 29696K, used 3205K [0x00000000eab00000, 0x00000000ecc00000, 0x0000000100000000)
  eden space 25600K, 0% used [0x00000000eab00000,0x00000000eab00000,0x00000000ec400000)
  from space 4096K, 78% used [0x00000000ec400000,0x00000000ec7217f0,0x00000000ec800000)
  to   space 4096K, 0% used [0x00000000ec800000,0x00000000ec800000,0x00000000ecc00000)
 ParOldGen       total 68608K, used 16K [0x00000000c0000000, 0x00000000c4300000, 0x00000000eab00000)
  object space 68608K, 0% used [0x00000000c0000000,0x00000000c0004000,0x00000000c4300000)
 Metaspace       used 4330K, committed 4480K, reserved 1114112K
  class space    used 434K, committed 512K, reserved 1048576K
}
Event: 5.133 GC heap before
{Heap before GC invocations=2 (full 0):
 PSYoungGen      total 29696K, used 28805K [0x00000000eab00000, 0x00000000ecc00000, 0x0000000100000000)
  eden space 25600K, 100% used [0x00000000eab00000,0x00000000ec400000,0x00000000ec400000)
  from space 4096K, 78% used [0x00000000ec400000,0x00000000ec7217f0,0x00000000ec800000)
  to   space 4096K, 0% used [0x00000000ec800000,0x00000000ec800000,0x00000000ecc00000)
 ParOldGen       total 68608K, used 16K [0x00000000c0000000, 0x00000000c4300000, 0x00000000eab00000)
  object space 68608K, 0% used [0x00000000c0000000,0x00000000c0004000,0x00000000c4300000)
 Metaspace       used 7844K, committed 8128K, reserved 1114112K
  class space    used 778K, committed 896K, reserved 1048576K
}
Event: 5.136 GC heap after
{Heap after GC invocations=2 (full 0):
 PSYoungGen      total 29696K, used 4080K [0x00000000eab00000, 0x00000000ecc00000, 0x0000000100000000)
  eden space 25600K, 0% used [0x00000000eab00000,0x00000000eab00000,0x00000000ec400000)
  from space 4096K, 99% used [0x00000000ec800000,0x00000000ecbfc2b0,0x00000000ecc00000)
  to   space 4096K, 0% used [0x00000000ec400000,0x00000000ec400000,0x00000000ec800000)
 ParOldGen       total 68608K, used 653K [0x00000000c0000000, 0x00000000c4300000, 0x00000000eab00000)
  object space 68608K, 0% used [0x00000000c0000000,0x00000000c00a3708,0x00000000c4300000)
 Metaspace       used 7844K, committed 8128K, reserved 1114112K
  class space    used 778K, committed 896K, reserved 1048576K
}

Dll operation events (9 events):
Event: 0.012 Loaded shared library c:\Users\USER OS\.vscode\extensions\redhat.java-1.41.2025030508-win32-x64\jre\21.0.6-win32-x86_64\bin\java.dll
Event: 0.077 Loaded shared library c:\Users\USER OS\.vscode\extensions\redhat.java-1.41.2025030508-win32-x64\jre\21.0.6-win32-x86_64\bin\zip.dll
Event: 0.098 Loaded shared library C:\Users\USER OS\.vscode\extensions\redhat.java-1.41.2025030508-win32-x64\jre\21.0.6-win32-x86_64\bin\instrument.dll
Event: 0.103 Loaded shared library C:\Users\USER OS\.vscode\extensions\redhat.java-1.41.2025030508-win32-x64\jre\21.0.6-win32-x86_64\bin\net.dll
Event: 0.104 Loaded shared library C:\Users\USER OS\.vscode\extensions\redhat.java-1.41.2025030508-win32-x64\jre\21.0.6-win32-x86_64\bin\nio.dll
Event: 0.107 Loaded shared library C:\Users\USER OS\.vscode\extensions\redhat.java-1.41.2025030508-win32-x64\jre\21.0.6-win32-x86_64\bin\zip.dll
Event: 0.127 Loaded shared library C:\Users\USER OS\.vscode\extensions\redhat.java-1.41.2025030508-win32-x64\jre\21.0.6-win32-x86_64\bin\jimage.dll
Event: 0.207 Loaded shared library c:\Users\USER OS\.vscode\extensions\redhat.java-1.41.2025030508-win32-x64\jre\21.0.6-win32-x86_64\bin\verify.dll
Event: 5.259 Loaded shared library C:\Users\USER OS\AppData\Roaming\Code\User\globalStorage\redhat.java\1.41.2025030508\config_ss_win\org.eclipse.equinox.launcher\org.eclipse.equinox.launcher.win32.win32.x86_64_1.2.1200.v20250212-0927\eclipse_11909.dll

Deoptimization events (20 events):
Event: 5.326 Thread 0x000001eef33b80f0 Uncommon trap: trap_request=0xffffff45 fr.pc=0x000001eee2b368dc relative=0x000000000000087c
Event: 5.326 Thread 0x000001eef33b80f0 Uncommon trap: reason=unstable_if action=reinterpret pc=0x000001eee2b368dc method=java.util.HashMap.putVal(ILjava/lang/Object;Ljava/lang/Object;ZZ)Ljava/lang/Object; @ 81 c2
Event: 5.326 Thread 0x000001eef33b80f0 DEOPT PACKING pc=0x000001eee2b368dc sp=0x00000090bc6fd290
Event: 5.326 Thread 0x000001eef33b80f0 DEOPT UNPACKING pc=0x000001eee2553aa2 sp=0x00000090bc6fd220 mode 2
Event: 5.326 Thread 0x000001eef33b80f0 Uncommon trap: trap_request=0xffffffde fr.pc=0x000001eee2b629f4 relative=0x00000000000009f4
Event: 5.326 Thread 0x000001eef33b80f0 Uncommon trap: reason=class_check action=maybe_recompile pc=0x000001eee2b629f4 method=java.util.HashMap.putVal(ILjava/lang/Object;Ljava/lang/Object;ZZ)Ljava/lang/Object; @ 91 c2
Event: 5.326 Thread 0x000001eef33b80f0 DEOPT PACKING pc=0x000001eee2b629f4 sp=0x00000090bc6fd450
Event: 5.326 Thread 0x000001eef33b80f0 DEOPT UNPACKING pc=0x000001eee2553aa2 sp=0x00000090bc6fd378 mode 2
Event: 5.326 Thread 0x000001eef33b80f0 Uncommon trap: trap_request=0xffffffde fr.pc=0x000001eee2b629f4 relative=0x00000000000009f4
Event: 5.326 Thread 0x000001eef33b80f0 Uncommon trap: reason=class_check action=maybe_recompile pc=0x000001eee2b629f4 method=java.util.HashMap.putVal(ILjava/lang/Object;Ljava/lang/Object;ZZ)Ljava/lang/Object; @ 91 c2
Event: 5.326 Thread 0x000001eef33b80f0 DEOPT PACKING pc=0x000001eee2b629f4 sp=0x00000090bc6fd450
Event: 5.326 Thread 0x000001eef33b80f0 DEOPT UNPACKING pc=0x000001eee2553aa2 sp=0x00000090bc6fd378 mode 2
Event: 5.326 Thread 0x000001eef33b80f0 DEOPT PACKING pc=0x000001eedb11aa88 sp=0x00000090bc6fcb40
Event: 5.326 Thread 0x000001eef33b80f0 DEOPT UNPACKING pc=0x000001eee2554242 sp=0x00000090bc6fbfc0 mode 0
Event: 5.327 Thread 0x000001eef33b80f0 DEOPT PACKING pc=0x000001eedb11aa88 sp=0x00000090bc6fce50
Event: 5.327 Thread 0x000001eef33b80f0 DEOPT UNPACKING pc=0x000001eee2554242 sp=0x00000090bc6fc2d0 mode 0
Event: 5.351 Thread 0x000001eef33ba1c0 Uncommon trap: trap_request=0xffffff6e fr.pc=0x000001eee2b07428 relative=0x0000000000000368
Event: 5.351 Thread 0x000001eef33ba1c0 Uncommon trap: reason=loop_limit_check action=maybe_recompile pc=0x000001eee2b07428 method=java.lang.StringLatin1.indexOf([BI[BII)I @ 37 c2
Event: 5.351 Thread 0x000001eef33ba1c0 DEOPT PACKING pc=0x000001eee2b07428 sp=0x00000090bc4f8ea0
Event: 5.351 Thread 0x000001eef33ba1c0 DEOPT UNPACKING pc=0x000001eee2553aa2 sp=0x00000090bc4f8e00 mode 2

Classes loaded (20 events):
Event: 5.107 Loading class java/util/MissingResourceException
Event: 5.107 Loading class java/util/MissingResourceException done
Event: 5.256 Loading class java/util/ArrayList$ListItr
Event: 5.256 Loading class java/util/ArrayList$ListItr done
Event: 5.259 Loading class java/util/concurrent/locks/AbstractQueuedSynchronizer$SharedNode
Event: 5.259 Loading class java/util/concurrent/locks/AbstractQueuedSynchronizer$SharedNode done
Event: 5.259 Loading class java/util/Collections$ReverseComparator
Event: 5.259 Loading class java/util/Collections$ReverseComparator done
Event: 5.259 Loading class java/util/Comparators$NaturalOrderComparator
Event: 5.260 Loading class java/util/Comparators$NaturalOrderComparator done
Event: 5.260 Loading class java/util/Collections$ReverseComparator2
Event: 5.260 Loading class java/util/Collections$ReverseComparator2 done
Event: 5.282 Loading class java/util/AbstractList$Itr
Event: 5.282 Loading class java/util/AbstractList$Itr done
Event: 5.320 Loading class java/util/Formatter$FixedString
Event: 5.320 Loading class java/util/Formatter$FixedString done
Event: 5.342 Loading class java/util/concurrent/CountDownLatch
Event: 5.342 Loading class java/util/concurrent/CountDownLatch done
Event: 5.342 Loading class java/util/concurrent/CountDownLatch$Sync
Event: 5.342 Loading class java/util/concurrent/CountDownLatch$Sync done

Classes unloaded (0 events):
No events

Classes redefined (0 events):
No events

Internal exceptions (20 events):
Event: 1.741 Thread 0x000001eed7d70b90 Implicit null exception at 0x000001eee2af0c29 to 0x000001eee2af149c
Event: 1.741 Thread 0x000001eed7d70b90 Implicit null exception at 0x000001eee2af711a to 0x000001eee2af7320
Event: 1.742 Thread 0x000001eed7d70b90 Exception <a 'java/lang/NoSuchMethodError'{0x00000000ec3c3bf8}: 'void java.lang.invoke.DirectMethodHandle$Holder.invokeStatic(java.lang.Object, java.lang.Object, java.lang.Object, java.lang.Object)'> (0x00000000ec3c3bf8) 
thrown [s\src\hotspot\share\interpreter\linkResolver.cpp, line 773]
Event: 1.743 Thread 0x000001eed7d70b90 Implicit null exception at 0x000001eee2af631a to 0x000001eee2af6524
Event: 1.743 Thread 0x000001eed7d70b90 Implicit null exception at 0x000001eee2aeec3d to 0x000001eee2aeecc1
Event: 1.781 Thread 0x000001eed7d70b90 Exception <a 'java/lang/NoSuchMethodError'{0x00000000ead05aa0}: 'long java.lang.invoke.DirectMethodHandle$Holder.invokeStatic(java.lang.Object, java.lang.Object, int)'> (0x00000000ead05aa0) 
thrown [s\src\hotspot\share\interpreter\linkResolver.cpp, line 773]
Event: 1.781 Thread 0x000001eed7d70b90 Exception <a 'java/lang/NoSuchMethodError'{0x00000000ead0d860}: 'java.lang.Object java.lang.invoke.DirectMethodHandle$Holder.invokeSpecial(java.lang.Object, java.lang.Object, java.lang.Object, java.lang.Object, long)'> (0x00000000ead0d860) 
thrown [s\src\hotspot\share\interpreter\linkResolver.cpp, line 773]
Event: 1.782 Thread 0x000001eed7d70b90 Exception <a 'java/lang/NoSuchMethodError'{0x00000000ead1b258}: 'java.lang.Object java.lang.invoke.DirectMethodHandle$Holder.invokeSpecial(java.lang.Object, java.lang.Object, java.lang.Object, int, java.lang.Object)'> (0x00000000ead1b258) 
thrown [s\src\hotspot\share\interpreter\linkResolver.cpp, line 773]
Event: 1.784 Thread 0x000001eed7d70b90 Exception <a 'java/lang/NoSuchMethodError'{0x00000000ead34cd0}: 'java.lang.Object java.lang.invoke.Invokers$Holder.invokeExact_MT(java.lang.Object, java.lang.Object, java.lang.Object, java.lang.Object, java.lang.Object, java.lang.Object)'> (0x00000000ead34cd0) 
thrown [s\src\hotspot\share\interpreter\linkResolver.cpp, line 773]
Event: 1.786 Thread 0x000001eed7d70b90 Exception <a 'java/lang/NoSuchMethodError'{0x00000000ead4e5f8}: 'int java.lang.invoke.DirectMethodHandle$Holder.invokeStaticInit(java.lang.Object, java.lang.Object, java.lang.Object, java.lang.Object)'> (0x00000000ead4e5f8) 
thrown [s\src\hotspot\share\interpreter\linkResolver.cpp, line 773]
Event: 1.786 Thread 0x000001eed7d70b90 Exception <a 'java/lang/NoSuchMethodError'{0x00000000ead57048}: 'java.lang.Object java.lang.invoke.DirectMethodHandle$Holder.invokeInterface(java.lang.Object, java.lang.Object)'> (0x00000000ead57048) 
thrown [s\src\hotspot\share\interpreter\linkResolver.cpp, line 773]
Event: 1.786 Thread 0x000001eed7d70b90 Exception <a 'java/lang/IncompatibleClassChangeError'{0x00000000ead5a580}: Found class java.lang.Object, but interface was expected> (0x00000000ead5a580) 
thrown [s\src\hotspot\share\interpreter\linkResolver.cpp, line 840]
Event: 1.787 Thread 0x000001eed7d70b90 Exception <a 'java/lang/NoSuchMethodError'{0x00000000ead5e738}: 'void java.lang.invoke.DirectMethodHandle$Holder.invokeStatic(java.lang.Object, java.lang.Object)'> (0x00000000ead5e738) 
thrown [s\src\hotspot\share\interpreter\linkResolver.cpp, line 773]
Event: 1.787 Thread 0x000001eed7d70b90 Exception <a 'java/lang/NoSuchMethodError'{0x00000000ead61ae0}: 'void java.lang.invoke.DirectMethodHandle$Holder.invokeStaticInit(java.lang.Object, java.lang.Object)'> (0x00000000ead61ae0) 
thrown [s\src\hotspot\share\interpreter\linkResolver.cpp, line 773]
Event: 1.788 Thread 0x000001eed7d70b90 Exception <a 'java/lang/NoSuchMethodError'{0x00000000ead6aae0}: 'int java.lang.invoke.DirectMethodHandle$Holder.invokeStaticInit(java.lang.Object, java.lang.Object)'> (0x00000000ead6aae0) 
thrown [s\src\hotspot\share\interpreter\linkResolver.cpp, line 773]
Event: 2.852 Thread 0x000001eed7d70b90 Exception <a 'java/lang/NoSuchMethodError'{0x00000000eb0513f0}: 'int java.lang.invoke.DirectMethodHandle$Holder.invokeVirtual(java.lang.Object, java.lang.Object)'> (0x00000000eb0513f0) 
thrown [s\src\hotspot\share\interpreter\linkResolver.cpp, line 773]
Event: 5.036 Thread 0x000001eed7d70b90 Exception <a 'java/lang/NoSuchMethodError'{0x00000000ebdb78f0}: 'java.lang.Object java.lang.invoke.DirectMethodHandle$Holder.newInvokeSpecial(java.lang.Object, int, java.lang.Object)'> (0x00000000ebdb78f0) 
thrown [s\src\hotspot\share\interpreter\linkResolver.cpp, line 773]
Event: 5.051 Thread 0x000001eed7d70b90 Exception <a 'java/lang/NoSuchMethodError'{0x00000000ebeae4b8}: 'java.lang.Object java.lang.invoke.DirectMethodHandle$Holder.newInvokeSpecial(java.lang.Object, java.lang.Object, java.lang.Object, java.lang.Object, int, java.lang.Object)'> (0x00000000ebeae4b8) 
thrown [s\src\hotspot\share\interpreter\linkResolver.cpp, line 773]
Event: 5.253 Thread 0x000001eed7d70b90 Exception <a 'java/lang/NoSuchMethodError'{0x00000000eb556078}: 'void java.lang.invoke.DirectMethodHandle$Holder.invokeSpecial(java.lang.Object, java.lang.Object, java.lang.Object)'> (0x00000000eb556078) 
thrown [s\src\hotspot\share\interpreter\linkResolver.cpp, line 773]
Event: 5.254 Thread 0x000001eed7d70b90 Exception <a 'java/lang/UnsatisfiedLinkError'{0x00000000eb55f8c0}: 'void org.eclipse.equinox.launcher.JNIBridge._update_splash()'> (0x00000000eb55f8c0) 
thrown [s\src\hotspot\share\prims\nativeLookup.cpp, line 415]

ZGC Phase Switch (0 events):
No events

VM Operations (20 events):
Event: 2.765 Executing VM operation: Cleanup
Event: 2.765 Executing VM operation: Cleanup done
Event: 3.766 Executing VM operation: Cleanup
Event: 3.766 Executing VM operation: Cleanup done
Event: 5.028 Executing VM operation: HandshakeAllThreads (Deoptimize)
Event: 5.028 Executing VM operation: HandshakeAllThreads (Deoptimize) done
Event: 5.028 Executing VM operation: Cleanup
Event: 5.028 Executing VM operation: Cleanup done
Event: 5.133 Executing VM operation: ParallelGCFailedAllocation (Allocation Failure)
Event: 5.136 Executing VM operation: ParallelGCFailedAllocation (Allocation Failure) done
Event: 5.257 Executing VM operation: HandshakeAllThreads (Deoptimize)
Event: 5.257 Executing VM operation: HandshakeAllThreads (Deoptimize) done
Event: 5.278 Executing VM operation: HandshakeAllThreads (Deoptimize)
Event: 5.278 Executing VM operation: HandshakeAllThreads (Deoptimize) done
Event: 5.318 Executing VM operation: HandshakeAllThreads (Deoptimize)
Event: 5.318 Executing VM operation: HandshakeAllThreads (Deoptimize) done
Event: 5.343 Executing VM operation: ICBufferFull
Event: 5.343 Executing VM operation: ICBufferFull done
Event: 6.351 Executing VM operation: Cleanup
Event: 6.351 Executing VM operation: Cleanup done

Memory protections (0 events):
No events

Nmethod flushes (0 events):
No events

Events (20 events):
Event: 0.303 Thread 0x000001eed7d70b90 Thread added: 0x000001eeee93a8b0
Event: 0.417 Thread 0x000001eeee942dd0 Thread added: 0x000001eef3029d30
Event: 2.828 Thread 0x000001eef3029d30 Thread exited: 0x000001eef3029d30
Event: 2.868 Thread 0x000001eeeeb44b50 Thread added: 0x000001eef3673bc0
Event: 4.999 Thread 0x000001eed7d70b90 Thread added: 0x000001eeee93af40
Event: 5.000 Thread 0x000001eeee93af40 Thread added: 0x000001eeee93b5d0
Event: 5.002 Thread 0x000001eed7d70b90 Thread added: 0x000001eeee93bc60
Event: 5.004 Thread 0x000001eed7d70b90 Thread added: 0x000001eeee93c2f0
Event: 5.005 Thread 0x000001eed7d70b90 Thread added: 0x000001eeee93c980
Event: 5.006 Thread 0x000001eed7d70b90 Thread added: 0x000001eeee93d010
Event: 5.023 Thread 0x000001eed7d70b90 Thread added: 0x000001eef33b9b30
Event: 5.106 Thread 0x000001eed7d70b90 Thread added: 0x000001eef33b8e10
Event: 5.108 Thread 0x000001eed7d70b90 Thread added: 0x000001eef33ba1c0
Event: 5.252 Thread 0x000001eed7d70b90 Thread added: 0x000001eef33b80f0
Event: 5.280 Thread 0x000001eef33b80f0 Thread added: 0x000001eef33b94a0
Event: 5.280 Thread 0x000001eef33b80f0 Thread added: 0x000001eef33b8780
Event: 5.280 Thread 0x000001eef33b80f0 Thread added: 0x000001eef33b6d40
Event: 5.281 Thread 0x000001eef33b80f0 Thread added: 0x000001eef33ba850
Event: 5.281 Thread 0x000001eef33b6d40 Thread added: 0x000001eef33b73d0
Event: 5.281 Thread 0x000001eef33b8780 Thread added: 0x000001eef33baee0


Dynamic libraries:
0x00007ff709c50000 - 0x00007ff709c5e000 	c:\Users\USER OS\.vscode\extensions\redhat.java-1.41.2025030508-win32-x64\jre\21.0.6-win32-x86_64\bin\java.exe
0x00007ff814aa0000 - 0x00007ff814d03000 	C:\WINDOWS\SYSTEM32\ntdll.dll
0x00007ff813d90000 - 0x00007ff813e57000 	C:\WINDOWS\System32\KERNEL32.DLL
0x00007ff811df0000 - 0x00007ff8121b9000 	C:\WINDOWS\System32\KERNELBASE.dll
0x00007ff811ca0000 - 0x00007ff811dec000 	C:\WINDOWS\System32\ucrtbase.dll
0x00007fffe9440000 - 0x00007fffe9458000 	c:\Users\USER OS\.vscode\extensions\redhat.java-1.41.2025030508-win32-x64\jre\21.0.6-win32-x86_64\bin\jli.dll
0x00007fffedb70000 - 0x00007fffedb8e000 	c:\Users\USER OS\.vscode\extensions\redhat.java-1.41.2025030508-win32-x64\jre\21.0.6-win32-x86_64\bin\VCRUNTIME140.dll
0x00007ff814000000 - 0x00007ff8141ca000 	C:\WINDOWS\System32\USER32.dll
0x00007ff812710000 - 0x00007ff812737000 	C:\WINDOWS\System32\win32u.dll
0x00007ffff6df0000 - 0x00007ffff7080000 	C:\WINDOWS\WinSxS\amd64_microsoft.windows.common-controls_6595b64144ccf1df_6.0.26100.3323_none_3e088096e3344490\COMCTL32.dll
0x00007ff8133d0000 - 0x00007ff813479000 	C:\WINDOWS\System32\msvcrt.dll
0x00007ff813240000 - 0x00007ff81326a000 	C:\WINDOWS\System32\GDI32.dll
0x00007ff8121c0000 - 0x00007ff8122f1000 	C:\WINDOWS\System32\gdi32full.dll
0x00007ff812300000 - 0x00007ff8123a3000 	C:\WINDOWS\System32\msvcp_win.dll
0x00007ff813fc0000 - 0x00007ff813fef000 	C:\WINDOWS\System32\IMM32.DLL
0x00007ffff6b90000 - 0x00007ffff6b9c000 	c:\Users\USER OS\.vscode\extensions\redhat.java-1.41.2025030508-win32-x64\jre\21.0.6-win32-x86_64\bin\vcruntime140_1.dll
0x00007fffcaf50000 - 0x00007fffcafdd000 	c:\Users\USER OS\.vscode\extensions\redhat.java-1.41.2025030508-win32-x64\jre\21.0.6-win32-x86_64\bin\msvcp140.dll
0x00007fffb7fa0000 - 0x00007fffb8d30000 	c:\Users\USER OS\.vscode\extensions\redhat.java-1.41.2025030508-win32-x64\jre\21.0.6-win32-x86_64\bin\server\jvm.dll
0x00007ff814250000 - 0x00007ff814302000 	C:\WINDOWS\System32\ADVAPI32.dll
0x00007ff813480000 - 0x00007ff813526000 	C:\WINDOWS\System32\sechost.dll
0x00007ff813530000 - 0x00007ff813646000 	C:\WINDOWS\System32\RPCRT4.dll
0x00007ff8128c0000 - 0x00007ff812934000 	C:\WINDOWS\System32\WS2_32.dll
0x00007ff811970000 - 0x00007ff8119be000 	C:\WINDOWS\SYSTEM32\POWRPROF.dll
0x00007ff80a120000 - 0x00007ff80a12b000 	C:\WINDOWS\SYSTEM32\VERSION.dll
0x00007ff809a00000 - 0x00007ff809a36000 	C:\WINDOWS\SYSTEM32\WINMM.dll
0x00007ff811950000 - 0x00007ff811964000 	C:\WINDOWS\SYSTEM32\UMPDC.dll
0x00007ff810ac0000 - 0x00007ff810ada000 	C:\WINDOWS\SYSTEM32\kernel.appcore.dll
0x00007ffff4700000 - 0x00007ffff470a000 	c:\Users\USER OS\.vscode\extensions\redhat.java-1.41.2025030508-win32-x64\jre\21.0.6-win32-x86_64\bin\jimage.dll
0x00007ffffebf0000 - 0x00007ffffee31000 	C:\WINDOWS\SYSTEM32\DBGHELP.DLL
0x00007ff814370000 - 0x00007ff8146f2000 	C:\WINDOWS\System32\combase.dll
0x00007ff813ee0000 - 0x00007ff813fb6000 	C:\WINDOWS\System32\OLEAUT32.dll
0x00007ffff9190000 - 0x00007ffff91c9000 	C:\WINDOWS\SYSTEM32\dbgcore.DLL
0x00007ff812470000 - 0x00007ff812509000 	C:\WINDOWS\System32\bcryptPrimitives.dll
0x00007ffff3dd0000 - 0x00007ffff3ddf000 	c:\Users\USER OS\.vscode\extensions\redhat.java-1.41.2025030508-win32-x64\jre\21.0.6-win32-x86_64\bin\instrument.dll
0x00007fffe9420000 - 0x00007fffe943f000 	c:\Users\USER OS\.vscode\extensions\redhat.java-1.41.2025030508-win32-x64\jre\21.0.6-win32-x86_64\bin\java.dll
0x00007ff812af0000 - 0x00007ff813205000 	C:\WINDOWS\System32\SHELL32.dll
0x00007ff8125a0000 - 0x00007ff812708000 	C:\WINDOWS\System32\wintypes.dll
0x00007ff80f980000 - 0x00007ff8101c5000 	C:\WINDOWS\SYSTEM32\windows.storage.dll
0x00007ff814970000 - 0x00007ff814a5b000 	C:\WINDOWS\System32\SHCORE.dll
0x00007ff814310000 - 0x00007ff81436d000 	C:\WINDOWS\System32\shlwapi.dll
0x00007ff811bb0000 - 0x00007ff811bdf000 	C:\WINDOWS\SYSTEM32\profapi.dll
0x00007fffe7320000 - 0x00007fffe7338000 	c:\Users\USER OS\.vscode\extensions\redhat.java-1.41.2025030508-win32-x64\jre\21.0.6-win32-x86_64\bin\zip.dll
0x00007ffff0520000 - 0x00007ffff0530000 	C:\Users\USER OS\.vscode\extensions\redhat.java-1.41.2025030508-win32-x64\jre\21.0.6-win32-x86_64\bin\net.dll
0x00007ff809dc0000 - 0x00007ff809ede000 	C:\WINDOWS\SYSTEM32\WINHTTP.dll
0x00007ff810fe0000 - 0x00007ff81104a000 	C:\WINDOWS\system32\mswsock.dll
0x00007fffe5d70000 - 0x00007fffe5d86000 	C:\Users\USER OS\.vscode\extensions\redhat.java-1.41.2025030508-win32-x64\jre\21.0.6-win32-x86_64\bin\nio.dll
0x00007fffee310000 - 0x00007fffee320000 	c:\Users\USER OS\.vscode\extensions\redhat.java-1.41.2025030508-win32-x64\jre\21.0.6-win32-x86_64\bin\verify.dll
0x00007fffd6830000 - 0x00007fffd6875000 	C:\Users\USER OS\AppData\Roaming\Code\User\globalStorage\redhat.java\1.41.2025030508\config_ss_win\org.eclipse.equinox.launcher\org.eclipse.equinox.launcher.win32.win32.x86_64_1.2.1200.v20250212-0927\eclipse_11909.dll
0x00007ff813bf0000 - 0x00007ff813d85000 	C:\WINDOWS\System32\ole32.dll

dbghelp: loaded successfully - version: 4.0.5 - missing functions: none
symbol engine: initialized successfully - sym options: 0x614 - pdb path: .;c:\Users\USER OS\.vscode\extensions\redhat.java-1.41.2025030508-win32-x64\jre\21.0.6-win32-x86_64\bin;C:\WINDOWS\SYSTEM32;C:\WINDOWS\WinSxS\amd64_microsoft.windows.common-controls_6595b64144ccf1df_6.0.26100.3323_none_3e088096e3344490;c:\Users\USER OS\.vscode\extensions\redhat.java-1.41.2025030508-win32-x64\jre\21.0.6-win32-x86_64\bin\server;C:\Users\USER OS\AppData\Roaming\Code\User\globalStorage\redhat.java\1.41.2025030508\config_ss_win\org.eclipse.equinox.launcher\org.eclipse.equinox.launcher.win32.win32.x86_64_1.2.1200.v20250212-0927

VM Arguments:
jvm_args: --add-modules=ALL-SYSTEM --add-opens=java.base/java.util=ALL-UNNAMED --add-opens=java.base/java.lang=ALL-UNNAMED --add-opens=java.base/sun.nio.fs=ALL-UNNAMED -Declipse.application=org.eclipse.jdt.ls.core.id1 -Dosgi.bundles.defaultStartLevel=4 -Declipse.product=org.eclipse.jdt.ls.core.product -Djava.import.generatesMetadataFilesAtProjectRoot=false -DDetectVMInstallationsJob.disabled=true -Dfile.encoding=utf8 -XX:+UseParallelGC -XX:GCTimeRatio=4 -XX:AdaptiveSizePolicyWeight=90 -Dsun.zip.disableMemoryMapping=true -Xmx1G -Xms100m -Xlog:disable -javaagent:c:\Users\USER OS\.vscode\extensions\redhat.java-1.41.2025030508-win32-x64\lombok\lombok-1.18.36.jar 
java_command: c:\Users\USER OS\.vscode\extensions\redhat.java-1.41.2025030508-win32-x64\server\plugins\org.eclipse.equinox.launcher_1.6.1000.v20250227-1734.jar -configuration c:\Users\USER OS\AppData\Roaming\Code\User\globalStorage\redhat.java\1.41.2025030508\config_ss_win -data c:\Users\USER OS\AppData\Roaming\Code\User\workspaceStorage\ae233ce265d2c8e79b7c89f558c1173d\redhat.java\ss_ws --pipe=\\.\pipe\lsp-482853d39222d6c2bc25b1e7502bdb76-sock
java_class_path (initial): c:\Users\USER OS\.vscode\extensions\redhat.java-1.41.2025030508-win32-x64\server\plugins\org.eclipse.equinox.launcher_1.6.1000.v20250227-1734.jar
Launcher Type: SUN_STANDARD

[Global flags]
    uintx AdaptiveSizePolicyWeight                 = 90                                        {product} {command line}
     intx CICompilerCount                          = 4                                         {product} {ergonomic}
    uintx GCTimeRatio                              = 4                                         {product} {command line}
   size_t InitialHeapSize                          = 104857600                                 {product} {command line}
   size_t MaxHeapSize                              = 1073741824                                {product} {command line}
   size_t MaxNewSize                               = 357564416                                 {product} {ergonomic}
   size_t MinHeapDeltaBytes                        = 524288                                    {product} {ergonomic}
   size_t MinHeapSize                              = 104857600                                 {product} {command line}
   size_t NewSize                                  = 34603008                                  {product} {ergonomic}
    uintx NonNMethodCodeHeapSize                   = 5839372                                {pd product} {ergonomic}
    uintx NonProfiledCodeHeapSize                  = 122909434                              {pd product} {ergonomic}
   size_t OldSize                                  = 70254592                                  {product} {ergonomic}
    uintx ProfiledCodeHeapSize                     = 122909434                              {pd product} {ergonomic}
    uintx ReservedCodeCacheSize                    = 251658240                              {pd product} {ergonomic}
     bool SegmentedCodeCache                       = true                                      {product} {ergonomic}
   size_t SoftMaxHeapSize                          = 1073741824                             {manageable} {ergonomic}
     bool UseCompressedOops                        = true                           {product lp64_product} {ergonomic}
     bool UseLargePagesIndividualAllocation        = false                                  {pd product} {ergonomic}
     bool UseParallelGC                            = true                                      {product} {command line}

Logging:
Log output configuration:
 #0: stdout all=off uptime,level,tags foldmultilines=false
 #1: stderr all=off uptime,level,tags foldmultilines=false

Environment Variables:
JAVA_HOME=C:\Program Files\Java\jdk-23
PATH=C:\Program Files\Common Files\Oracle\Java\javapath;C:\Program Files (x86)\Common Files\Oracle\Java\java8path;C:\Program Files (x86)\Common Files\Oracle\Java\javapath;C:\WINDOWS\system32;C:\WINDOWS;C:\WINDOWS\System32\Wbem;C:\WINDOWS\System32\WindowsPowerShell\v1.0\;C:\WINDOWS\System32\OpenSSH\;C:\Program Files\Git\cmd;C:\Program Files\Java\jdk-23\bin;C:\Program Files\dotnet\;C:\Users\USER OS\AppData\Local\Programs\Python\Python312\Scripts\;C:\Users\USER OS\AppData\Local\Programs\Python\Python312\;C:\MinGW\bin;;C:\Users\USER OS\AppData\Local\Programs\Microsoft VS Code\bin;C:\Program Files\JetBrains\IntelliJ IDEA Community Edition 2024.2.4\bin;;C:\Users\USER OS\AppData\Local\Microsoft\WindowsApps;C:\Program Files\JetBrains\IntelliJ IDEA 2024.3.2.2\bin;;C:\Users\USER OS\.dotnet\tools
USERNAME=USER OS
OS=Windows_NT
PROCESSOR_IDENTIFIER=AMD64 Family 25 Model 80 Stepping 0, AuthenticAMD
TMP=C:\Users\USEROS~1\AppData\Local\Temp
TEMP=C:\Users\USEROS~1\AppData\Local\Temp




Periodic native trim disabled

---------------  S Y S T E M  ---------------

OS:
 Windows 11 , 64 bit Build 26100 (10.0.26100.3323)
OS uptime: 0 days 0:54 hours
Hyper-V role detected

CPU: total 12 (initial active 12) (12 cores per cpu, 2 threads per core) family 25 model 80 stepping 0 microcode 0xa50000f, cx8, cmov, fxsr, ht, mmx, 3dnowpref, sse, sse2, sse3, ssse3, sse4a, sse4.1, sse4.2, popcnt, lzcnt, tsc, tscinvbit, avx, avx2, aes, erms, clmul, bmi1, bmi2, adx, sha, fma, vzeroupper, clflush, clflushopt, hv, rdtscp, rdpid, fsrm, f16c, cet_ss
Processor Information for processor 0
  Max Mhz: 2301, Current Mhz: 2010, Mhz Limit: 2301
Processor Information for processor 1
  Max Mhz: 2301, Current Mhz: 2301, Mhz Limit: 2301
Processor Information for processor 2
  Max Mhz: 2301, Current Mhz: 2301, Mhz Limit: 2301
Processor Information for processor 3
  Max Mhz: 2301, Current Mhz: 2301, Mhz Limit: 2301
Processor Information for processor 4
  Max Mhz: 2301, Current Mhz: 2010, Mhz Limit: 2301
Processor Information for processor 5
  Max Mhz: 2301, Current Mhz: 2301, Mhz Limit: 2301
Processor Information for processor 6
  Max Mhz: 2301, Current Mhz: 2010, Mhz Limit: 2301
Processor Information for processor 7
  Max Mhz: 2301, Current Mhz: 2301, Mhz Limit: 2301
Processor Information for processor 8
  Max Mhz: 2301, Current Mhz: 2010, Mhz Limit: 2301
Processor Information for processor 9
  Max Mhz: 2301, Current Mhz: 2301, Mhz Limit: 2301
Processor Information for processor 10
  Max Mhz: 2301, Current Mhz: 2301, Mhz Limit: 2301
Processor Information for processor 11
  Max Mhz: 2301, Current Mhz: 2301, Mhz Limit: 2301

Memory: 4k page, system-wide physical 7520M (1020M free)
TotalPageFile size 11616M (AvailPageFile size 21M)
current process WorkingSet (physical memory assigned to process): 103M, peak: 105M
current process commit charge ("private bytes"): 222M, peak: 224M

vm_info: OpenJDK 64-Bit Server VM (21.0.6+7-LTS) for windows-amd64 JRE (21.0.6+7-LTS), built on 2025-01-21T00:00:00Z by "admin" with MS VC++ 17.7 (VS2022)

END.
