#
# There is insufficient memory for the Java Runtime Environment to continue.
# Native memory allocation (mmap) failed to map 123731968 bytes. Error detail: G1 virtual space
# Possible reasons:
#   The system is out of physical RAM or swap space
#   This process is running with CompressedOops enabled, and the Java Heap may be blocking the growth of the native heap
# Possible solutions:
#   Reduce memory load on the system
#   Increase physical memory or swap space
#   Check if swap backing store is full
#   Decrease Java heap size (-Xmx/-Xms)
#   Decrease number of Java threads
#   Decrease Java thread stack sizes (-Xss)
#   Set larger code cache with -XX:ReservedCodeCacheSize=
#   JVM is running with Unscaled Compressed Oops mode in which the Java heap is
#     placed in the first 4GB address space. The Java Heap base address is the
#     maximum limit for the native heap growth. Please use -XX:HeapBaseMinAddress
#     to set the Java Heap base and to place the Java Heap above 4GB virtual address.
# This output file may be truncated or incomplete.
#
#  Out of Memory Error (os_windows.cpp:3614), pid=12908, tid=20400
#
# JRE version:  (17.0.13+11) (build )
# Java VM: OpenJDK 64-Bit Server VM (17.0.13+11-LTS, mixed mode, sharing, tiered, compressed oops, compressed class ptrs, g1 gc, windows-amd64)
# No core dump will be written. Minidumps are not enabled by default on client versions of Windows
#

---------------  S U M M A R Y ------------

Command Line: -javaagent:C:\Program Files\JetBrains\IntelliJ IDEA Community Edition 2024.2.4\lib\idea_rt.jar=11928:C:\Program Files\JetBrains\IntelliJ IDEA Community Edition 2024.2.4\bin -Dfile.encoding=UTF-8 Question3.Main

Host: AMD Ryzen 5 5625U with Radeon Graphics         , 12 cores, 7G,  Windows 11 , 64 bit Build 26100 (10.0.26100.2454)
Time: Mon Jan 20 21:16:00 2025 Bangladesh Standard Time elapsed time: 1.185372 seconds (0d 0h 0m 1s)

---------------  T H R E A D  ---------------

Current thread (0x00000265ad884320):  JavaThread "Unknown thread" [_thread_in_vm, id=20400, stack(0x0000008b48000000,0x0000008b48100000)]

Stack: [0x0000008b48000000,0x0000008b48100000]
Native frames: (J=compiled Java code, j=interpreted, Vv=VM code, C=native code)
V  [jvm.dll+0x680c19]
V  [jvm.dll+0x83888a]
V  [jvm.dll+0x83a34e]
V  [jvm.dll+0x83a9b3]
V  [jvm.dll+0x2481af]
V  [jvm.dll+0x67d959]
V  [jvm.dll+0x67242a]
V  [jvm.dll+0x30813b]
V  [jvm.dll+0x30f626]
V  [jvm.dll+0x35f94e]
V  [jvm.dll+0x35fb8f]
V  [jvm.dll+0x2df0ec]
V  [jvm.dll+0x2e0044]
V  [jvm.dll+0x80a04b]
V  [jvm.dll+0x36d6c1]
V  [jvm.dll+0x7e8975]
V  [jvm.dll+0x3f109f]
V  [jvm.dll+0x3f2c11]
C  [jli.dll+0x52ab]
C  [ucrtbase.dll+0x14ea0]
C  [KERNEL32.DLL+0x2e8d7]
C  [ntdll.dll+0xdfbcc]


---------------  P R O C E S S  ---------------

Threads class SMR info:
_java_thread_list=0x00007ffd83ae8f58, length=0, elements={
}

Java Threads: ( => current thread )

Other Threads:
  0x00000265ad8de090 GCTaskThread "GC Thread#0" [stack: 0x0000008b48100000,0x0000008b48200000] [id=7540]
  0x00000265ad90b330 ConcurrentGCThread "G1 Main Marker" [stack: 0x0000008b48200000,0x0000008b48300000] [id=5928]
  0x00000265ad90bd50 ConcurrentGCThread "G1 Conc#0" [stack: 0x0000008b48300000,0x0000008b48400000] [id=9564]

[error occurred during error reporting (printing all threads), id 0xc0000005, EXCEPTION_ACCESS_VIOLATION (0xc0000005) at pc=0x00007ffd8329f827]

VM state: not at safepoint (not fully initialized)

VM Mutex/Monitor currently owned by a thread:  ([mutex/lock_event])
[0x00000265ad8811e0] Heap_lock - owner thread: 0x00000265ad884320

Heap address: 0x000000008a600000, size: 1882 MB, Compressed Oops mode: 32-bit

CDS archive(s) mapped at: [0x0000000000000000-0x0000000000000000-0x0000000000000000), size 0, SharedBaseAddress: 0x0000000800000000, ArchiveRelocationMode: 1.
Narrow klass base: 0x0000000000000000, Narrow klass shift: 0, Narrow klass range: 0x0

GC Precious Log:
<Empty>

Heap:
 garbage-first heap   total 0K, used 0K [0x000000008a600000, 0x0000000100000000)
  region size 1024K, 0 young (0K), 0 survivors (0K)

[error occurred during error reporting (printing heap information), id 0xc0000005, EXCEPTION_ACCESS_VIOLATION (0xc0000005) at pc=0x00007ffd83689e69]

GC Heap History (0 events):
No events

Dll operation events (1 events):
Event: 0.009 Loaded shared library C:\Users\USER OS\.jdks\corretto-17.0.13\bin\java.dll

Deoptimization events (0 events):
No events

Classes loaded (0 events):
No events

Classes unloaded (0 events):
No events

Classes redefined (0 events):
No events

Internal exceptions (0 events):
No events

VM Operations (0 events):
No events

Memory protections (0 events):
No events

Nmethod flushes (0 events):
No events

Events (0 events):
No events


Dynamic libraries:
0x00007ff7c8cc0000 - 0x00007ff7c8cce000 	C:\Users\USER OS\.jdks\corretto-17.0.13\bin\java.exe
0x00007ffde3140000 - 0x00007ffde33a3000 	C:\WINDOWS\SYSTEM32\ntdll.dll
0x00007ffde2140000 - 0x00007ffde2208000 	C:\WINDOWS\System32\KERNEL32.DLL
0x00007ffde08d0000 - 0x00007ffde0c82000 	C:\WINDOWS\System32\KERNELBASE.dll
0x00007ffde0540000 - 0x00007ffde068b000 	C:\WINDOWS\System32\ucrtbase.dll
0x00007ffdc7830000 - 0x00007ffdc784b000 	C:\Users\USER OS\.jdks\corretto-17.0.13\bin\VCRUNTIME140.dll
0x00007ffdc5540000 - 0x00007ffdc5557000 	C:\Users\USER OS\.jdks\corretto-17.0.13\bin\jli.dll
0x00007ffde2210000 - 0x00007ffde23d8000 	C:\WINDOWS\System32\USER32.dll
0x00007ffdc7ff0000 - 0x00007ffdc8280000 	C:\WINDOWS\WinSxS\amd64_microsoft.windows.common-controls_6595b64144ccf1df_6.0.26100.2454_none_3e0b68a2e331ad60\COMCTL32.dll
0x00007ffde0510000 - 0x00007ffde0537000 	C:\WINDOWS\System32\win32u.dll
0x00007ffde1f20000 - 0x00007ffde1fc9000 	C:\WINDOWS\System32\msvcrt.dll
0x00007ffde2490000 - 0x00007ffde24ba000 	C:\WINDOWS\System32\GDI32.dll
0x00007ffde0d20000 - 0x00007ffde0e4b000 	C:\WINDOWS\System32\gdi32full.dll
0x00007ffde0e50000 - 0x00007ffde0ef3000 	C:\WINDOWS\System32\msvcp_win.dll
0x00007ffde2560000 - 0x00007ffde258f000 	C:\WINDOWS\System32\IMM32.DLL
0x00007ffdce560000 - 0x00007ffdce56c000 	C:\Users\USER OS\.jdks\corretto-17.0.13\bin\vcruntime140_1.dll
0x00007ffd95cc0000 - 0x00007ffd95d4d000 	C:\Users\USER OS\.jdks\corretto-17.0.13\bin\msvcp140.dll
0x00007ffd82fb0000 - 0x00007ffd83c1c000 	C:\Users\USER OS\.jdks\corretto-17.0.13\bin\server\jvm.dll
0x00007ffde1890000 - 0x00007ffde1944000 	C:\WINDOWS\System32\ADVAPI32.dll
0x00007ffde23e0000 - 0x00007ffde2486000 	C:\WINDOWS\System32\sechost.dll
0x00007ffde2600000 - 0x00007ffde2716000 	C:\WINDOWS\System32\RPCRT4.dll
0x00007ffde1fd0000 - 0x00007ffde2044000 	C:\WINDOWS\System32\WS2_32.dll
0x00007ffde01e0000 - 0x00007ffde022e000 	C:\WINDOWS\SYSTEM32\POWRPROF.dll
0x00007ffdd8c80000 - 0x00007ffdd8cb6000 	C:\WINDOWS\SYSTEM32\WINMM.dll
0x00007ffdd8cc0000 - 0x00007ffdd8ccb000 	C:\WINDOWS\SYSTEM32\VERSION.dll
0x00007ffde01c0000 - 0x00007ffde01d4000 	C:\WINDOWS\SYSTEM32\UMPDC.dll
0x00007ffddf350000 - 0x00007ffddf36a000 	C:\WINDOWS\SYSTEM32\kernel.appcore.dll
0x00007ffdc77f0000 - 0x00007ffdc77fa000 	C:\Users\USER OS\.jdks\corretto-17.0.13\bin\jimage.dll
0x00007ffdcdc30000 - 0x00007ffdcde71000 	C:\WINDOWS\SYSTEM32\DBGHELP.DLL
0x00007ffde12a0000 - 0x00007ffde161e000 	C:\WINDOWS\System32\combase.dll
0x00007ffde19b0000 - 0x00007ffde1a86000 	C:\WINDOWS\System32\OLEAUT32.dll
0x00007ffdc4bf0000 - 0x00007ffdc4c29000 	C:\WINDOWS\SYSTEM32\dbgcore.DLL
0x00007ffde0f00000 - 0x00007ffde0f99000 	C:\WINDOWS\System32\bcryptPrimitives.dll
0x00007ffdc5480000 - 0x00007ffdc548e000 	C:\Users\USER OS\.jdks\corretto-17.0.13\bin\instrument.dll
0x00007ffdb1810000 - 0x00007ffdb1835000 	C:\Users\USER OS\.jdks\corretto-17.0.13\bin\java.dll

dbghelp: loaded successfully - version: 4.0.5 - missing functions: none
symbol engine: initialized successfully - sym options: 0x614 - pdb path: .;C:\Users\USER OS\.jdks\corretto-17.0.13\bin;C:\WINDOWS\SYSTEM32;C:\WINDOWS\WinSxS\amd64_microsoft.windows.common-controls_6595b64144ccf1df_6.0.26100.2454_none_3e0b68a2e331ad60;C:\Users\USER OS\.jdks\corretto-17.0.13\bin\server

VM Arguments:
jvm_args: -javaagent:C:\Program Files\JetBrains\IntelliJ IDEA Community Edition 2024.2.4\lib\idea_rt.jar=11928:C:\Program Files\JetBrains\IntelliJ IDEA Community Edition 2024.2.4\bin -Dfile.encoding=UTF-8 
java_command: Question3.Main
java_class_path (initial): E:\UIU\4th Semester\Object Oriented Programming\4. Practice Problem & Solution\6. Exception\Solution of Practice Problems for Exception\out\production\Solution of Practice Problems for Exception
Launcher Type: SUN_STANDARD

[Global flags]
     intx CICompilerCount                          = 4                                         {product} {ergonomic}
     uint ConcGCThreads                            = 3                                         {product} {ergonomic}
     uint G1ConcRefinementThreads                  = 10                                        {product} {ergonomic}
   size_t G1HeapRegionSize                         = 1048576                                   {product} {ergonomic}
    uintx GCDrainStackTargetSize                   = 64                                        {product} {ergonomic}
   size_t InitialHeapSize                          = 123731968                                 {product} {ergonomic}
   size_t MarkStackSize                            = 4194304                                   {product} {ergonomic}
   size_t MaxHeapSize                              = 1973420032                                {product} {ergonomic}
   size_t MinHeapDeltaBytes                        = 1048576                                   {product} {ergonomic}
   size_t MinHeapSize                              = 8388608                                   {product} {ergonomic}
    uintx NonNMethodCodeHeapSize                   = 5839372                                {pd product} {ergonomic}
    uintx NonProfiledCodeHeapSize                  = 122909434                              {pd product} {ergonomic}
    uintx ProfiledCodeHeapSize                     = 122909434                              {pd product} {ergonomic}
    uintx ReservedCodeCacheSize                    = 251658240                              {pd product} {ergonomic}
     bool SegmentedCodeCache                       = true                                      {product} {ergonomic}
   size_t SoftMaxHeapSize                          = 1973420032                             {manageable} {ergonomic}
     bool UseCompressedClassPointers               = true                           {product lp64_product} {ergonomic}
     bool UseCompressedOops                        = true                           {product lp64_product} {ergonomic}
     bool UseG1GC                                  = true                                      {product} {ergonomic}
     bool UseLargePagesIndividualAllocation        = false                                  {pd product} {ergonomic}

Logging:
Log output configuration:
 #0: stdout all=warning uptime,level,tags
 #1: stderr all=off uptime,level,tags

Environment Variables:
JAVA_HOME=C:\Program Files\Java\jdk-23
PATH=C:\Program Files\Common Files\Oracle\Java\javapath;C:\Program Files (x86)\Common Files\Oracle\Java\java8path;C:\Program Files (x86)\Common Files\Oracle\Java\javapath;C:\WINDOWS\system32;C:\WINDOWS;C:\WINDOWS\System32\Wbem;C:\WINDOWS\System32\WindowsPowerShell\v1.0\;C:\WINDOWS\System32\OpenSSH\;C:\Program Files\Git\cmd;C:\Program Files\Java\jdk-23\bin;C:\Program Files\dotnet\;C:\Users\USER OS\AppData\Local\Programs\Python\Python312\Scripts\;C:\Users\USER OS\AppData\Local\Programs\Python\Python312\;C:\MinGW\bin;;C:\Users\USER OS\AppData\Local\Programs\Microsoft VS Code\bin;C:\Program Files\JetBrains\IntelliJ IDEA Community Edition 2024.2.4\bin;;C:\Users\USER OS\AppData\Local\Microsoft\WindowsApps
USERNAME=USER OS
OS=Windows_NT
PROCESSOR_IDENTIFIER=AMD64 Family 25 Model 80 Stepping 0, AuthenticAMD
TMP=C:\Users\USEROS~1\AppData\Local\Temp
TEMP=C:\Users\USEROS~1\AppData\Local\Temp



Periodic native trim disabled


---------------  S Y S T E M  ---------------

OS:
 Windows 11 , 64 bit Build 26100 (10.0.26100.2454)
OS uptime: 1 days 2:54 hours
Hyper-V role detected

CPU: total 12 (initial active 12) (12 cores per cpu, 2 threads per core) family 25 model 80 stepping 0 microcode 0xa50000f, cx8, cmov, fxsr, ht, mmx, 3dnowpref, sse, sse2, sse3, ssse3, sse4a, sse4.1, sse4.2, popcnt, lzcnt, tsc, tscinvbit, avx, avx2, aes, erms, clmul, bmi1, bmi2, adx, sha, fma, vzeroupper, clflush, clflushopt, hv
Processor Information for processor 0
  Max Mhz: 2301, Current Mhz: 2010, Mhz Limit: 2301
Processor Information for processor 1
  Max Mhz: 2301, Current Mhz: 2010, Mhz Limit: 2301
Processor Information for processor 2
  Max Mhz: 2301, Current Mhz: 2010, Mhz Limit: 2301
Processor Information for processor 3
  Max Mhz: 2301, Current Mhz: 2010, Mhz Limit: 2301
Processor Information for processor 4
  Max Mhz: 2301, Current Mhz: 2010, Mhz Limit: 2301
Processor Information for processor 5
  Max Mhz: 2301, Current Mhz: 2010, Mhz Limit: 2301
Processor Information for processor 6
  Max Mhz: 2301, Current Mhz: 2010, Mhz Limit: 2301
Processor Information for processor 7
  Max Mhz: 2301, Current Mhz: 2010, Mhz Limit: 2301
Processor Information for processor 8
  Max Mhz: 2301, Current Mhz: 2010, Mhz Limit: 2301
Processor Information for processor 9
  Max Mhz: 2301, Current Mhz: 2010, Mhz Limit: 2301
Processor Information for processor 10
  Max Mhz: 2301, Current Mhz: 2010, Mhz Limit: 2301
Processor Information for processor 11
  Max Mhz: 2301, Current Mhz: 2301, Mhz Limit: 2301

Memory: 4k page, system-wide physical 7520M (967M free)
TotalPageFile size 11616M (AvailPageFile size 18M)
current process WorkingSet (physical memory assigned to process): 12M, peak: 12M
current process commit charge ("private bytes"): 64M, peak: 182M

vm_info: OpenJDK 64-Bit Server VM (17.0.13+11-LTS) for windows-amd64 JRE (17.0.13+11-LTS), built on Oct 10 2024 19:51:30 by "Administrator" with MS VC++ 16.10 / 16.11 (VS2019)

END.
